2018-08-09 10:14:16.462 [main] INFO  [org.springframework.context.annotation.AnnotationConfigApplicationContext:582] maincid - Refreshing org.springframework.context.annotation.AnnotationConfigApplicationContext@50ecde95: startup date [Thu Aug 09 10:14:16 CST 2018]; root of context hierarchy
2018-08-09 10:14:17.623 [main] INFO  [org.springframework.beans.factory.annotation.AutowiredAnnotationBeanPostProcessor:155] maincid - JSR-330 'javax.inject.Inject' annotation found and supported for autowiring
2018-08-09 10:14:17.816 [main] INFO  [org.springframework.context.support.PostProcessorRegistrationDelegate$BeanPostProcessorChecker:325] maincid - Bean 'configurationPropertiesRebinderAutoConfiguration' of type [class org.springframework.cloud.autoconfigure.ConfigurationPropertiesRebinderAutoConfiguration$$EnhancerBySpringCGLIB$$838d6b4e] is not eligible for getting processed by all BeanPostProcessors (for example: not eligible for auto-proxying)
2018-08-09 10:14:18.400 [background-preinit] INFO  [org.hibernate.validator.internal.util.Version:30] background-preinitcid - HV000001: Hibernate Validator 5.2.4.Final
2018-08-09 10:14:20.036 [main] INFO  [com.mooc.house.hsrv.HouseSrvApplication:661] maincid - No active profile set, falling back to default profiles: default
2018-08-09 10:14:20.120 [main] INFO  [org.springframework.boot.context.embedded.AnnotationConfigEmbeddedWebApplicationContext:582] maincid - Refreshing org.springframework.boot.context.embedded.AnnotationConfigEmbeddedWebApplicationContext@60297f36: startup date [Thu Aug 09 10:14:20 CST 2018]; parent: org.springframework.context.annotation.AnnotationConfigApplicationContext@50ecde95
2018-08-09 10:14:34.158 [main] INFO  [org.springframework.beans.factory.support.DefaultListableBeanFactory:826] maincid - Overriding bean definition for bean 'managementServletContext' with a different definition: replacing [Root bean: class [null]; scope=; abstract=false; lazyInit=false; autowireMode=3; dependencyCheck=0; autowireCandidate=true; primary=false; factoryBeanName=org.springframework.boot.actuate.autoconfigure.EndpointWebMvcHypermediaManagementContextConfiguration; factoryMethodName=managementServletContext; initMethodName=null; destroyMethodName=(inferred); defined in class path resource [org/springframework/boot/actuate/autoconfigure/EndpointWebMvcHypermediaManagementContextConfiguration.class]] with [Root bean: class [null]; scope=; abstract=false; lazyInit=false; autowireMode=3; dependencyCheck=0; autowireCandidate=true; primary=false; factoryBeanName=org.springframework.boot.actuate.autoconfigure.EndpointWebMvcAutoConfiguration; factoryMethodName=managementServletContext; initMethodName=null; destroyMethodName=(inferred); defined in class path resource [org/springframework/boot/actuate/autoconfigure/EndpointWebMvcAutoConfiguration.class]]
2018-08-09 10:14:34.231 [main] INFO  [org.springframework.data.repository.config.RepositoryConfigurationDelegate:170] maincid - Multiple Spring Data modules found, entering strict repository configuration mode!
2018-08-09 10:14:35.906 [main] WARN  [org.springframework.context.annotation.ConfigurationClassPostProcessor:373] maincid - Cannot enhance @Configuration bean definition 'refreshScope' since its singleton instance has been created too early. The typical cause is a non-static @Bean method with a BeanDefinitionRegistryPostProcessor return type: Consider declaring such methods as 'static'.
2018-08-09 10:14:37.128 [main] INFO  [org.springframework.cloud.context.scope.GenericScope:263] maincid - BeanFactory id=ebb6eebf-010b-3a16-a25b-91f06bc04604
2018-08-09 10:14:38.608 [main] INFO  [org.springframework.beans.factory.annotation.AutowiredAnnotationBeanPostProcessor:155] maincid - JSR-330 'javax.inject.Inject' annotation found and supported for autowiring
2018-08-09 10:14:39.284 [main] INFO  [org.springframework.context.support.PostProcessorRegistrationDelegate$BeanPostProcessorChecker:325] maincid - Bean 'org.springframework.cloud.sleuth.instrument.async.AsyncDefaultAutoConfiguration$DefaultAsyncConfigurerSupport' of type [class org.springframework.cloud.sleuth.instrument.async.AsyncDefaultAutoConfiguration$DefaultAsyncConfigurerSupport$$EnhancerBySpringCGLIB$$a4b50614] is not eligible for getting processed by all BeanPostProcessors (for example: not eligible for auto-proxying)
2018-08-09 10:14:39.645 [main] INFO  [org.springframework.context.support.PostProcessorRegistrationDelegate$BeanPostProcessorChecker:325] maincid - Bean 'org.springframework.transaction.annotation.ProxyTransactionManagementConfiguration' of type [class org.springframework.transaction.annotation.ProxyTransactionManagementConfiguration$$EnhancerBySpringCGLIB$$67736851] is not eligible for getting processed by all BeanPostProcessors (for example: not eligible for auto-proxying)
2018-08-09 10:14:40.328 [main] INFO  [org.springframework.context.support.PostProcessorRegistrationDelegate$BeanPostProcessorChecker:325] maincid - Bean 'org.springframework.cloud.netflix.metrics.MetricsInterceptorConfiguration$MetricsRestTemplateConfiguration' of type [class org.springframework.cloud.netflix.metrics.MetricsInterceptorConfiguration$MetricsRestTemplateConfiguration$$EnhancerBySpringCGLIB$$99a00e92] is not eligible for getting processed by all BeanPostProcessors (for example: not eligible for auto-proxying)
2018-08-09 10:14:40.376 [main] INFO  [org.springframework.context.support.PostProcessorRegistrationDelegate$BeanPostProcessorChecker:325] maincid - Bean 'org.springframework.cloud.autoconfigure.ConfigurationPropertiesRebinderAutoConfiguration' of type [class org.springframework.cloud.autoconfigure.ConfigurationPropertiesRebinderAutoConfiguration$$EnhancerBySpringCGLIB$$838d6b4e] is not eligible for getting processed by all BeanPostProcessors (for example: not eligible for auto-proxying)
2018-08-09 10:14:43.284 [main] INFO  [org.springframework.boot.context.embedded.tomcat.TomcatEmbeddedServletContainer:87] maincid - Tomcat initialized with port(s): 8084 (http)
2018-08-09 10:14:43.348 [main] INFO  [org.apache.catalina.core.StandardService:179] maincid - Starting service Tomcat
2018-08-09 10:14:43.351 [main] INFO  [org.apache.catalina.core.StandardEngine:179] maincid - Starting Servlet Engine: Apache Tomcat/8.5.6
2018-08-09 10:14:43.816 [localhost-startStop-1] INFO  [org.apache.catalina.core.ContainerBase.[Tomcat].[localhost].[/]:179] localhost-startStop-1cid - Initializing Spring embedded WebApplicationContext
2018-08-09 10:14:43.817 [localhost-startStop-1] INFO  [org.springframework.web.context.ContextLoader:276] localhost-startStop-1cid - Root WebApplicationContext: initialization completed in 23697 ms
2018-08-09 10:14:49.494 [localhost-startStop-1] INFO  [org.springframework.boot.web.servlet.FilterRegistrationBean:258] localhost-startStop-1cid - Mapping filter: 'metricsFilter' to: [/*]
2018-08-09 10:14:49.495 [localhost-startStop-1] INFO  [org.springframework.boot.web.servlet.FilterRegistrationBean:258] localhost-startStop-1cid - Mapping filter: 'characterEncodingFilter' to: [/*]
2018-08-09 10:14:49.495 [localhost-startStop-1] INFO  [org.springframework.boot.context.embedded.FilterRegistrationBean:258] localhost-startStop-1cid - Mapping filter: 'traceFilter' to: [/*]
2018-08-09 10:14:49.495 [localhost-startStop-1] INFO  [org.springframework.boot.web.servlet.FilterRegistrationBean:258] localhost-startStop-1cid - Mapping filter: 'hiddenHttpMethodFilter' to: [/*]
2018-08-09 10:14:49.495 [localhost-startStop-1] INFO  [org.springframework.boot.web.servlet.FilterRegistrationBean:258] localhost-startStop-1cid - Mapping filter: 'httpPutFormContentFilter' to: [/*]
2018-08-09 10:14:49.495 [localhost-startStop-1] INFO  [org.springframework.boot.web.servlet.FilterRegistrationBean:258] localhost-startStop-1cid - Mapping filter: 'requestContextFilter' to: [/*]
2018-08-09 10:14:49.495 [localhost-startStop-1] INFO  [org.springframework.boot.web.servlet.FilterRegistrationBean:258] localhost-startStop-1cid - Mapping filter: 'webRequestLoggingFilter' to: [/*]
2018-08-09 10:14:49.495 [localhost-startStop-1] INFO  [org.springframework.boot.web.servlet.FilterRegistrationBean:258] localhost-startStop-1cid - Mapping filter: 'authorizedLogbookFilter' to: [/*]
2018-08-09 10:14:49.495 [localhost-startStop-1] INFO  [org.springframework.boot.web.servlet.FilterRegistrationBean:258] localhost-startStop-1cid - Mapping filter: 'applicationContextIdFilter' to: [/*]
2018-08-09 10:14:49.496 [localhost-startStop-1] INFO  [org.springframework.boot.web.servlet.ServletRegistrationBean:190] localhost-startStop-1cid - Mapping servlet: 'dispatcherServlet' to [/]
2018-08-09 10:14:53.138 [main] INFO  [com.alibaba.druid.pool.DruidDataSource:106] maincid - {dataSource-1} inited
2018-08-09 10:15:01.570 [main] INFO  [org.springframework.web.servlet.mvc.method.annotation.RequestMappingHandlerMapping:543] maincid - Mapped "{[/house/allCommunitys]}" onto public com.mooc.house.hsrv.common.RestResponse<java.util.List<com.mooc.house.hsrv.model.Community>> com.mooc.house.hsrv.controller.HouseController.toAdd()
2018-08-09 10:15:01.574 [main] INFO  [org.springframework.web.servlet.mvc.method.annotation.RequestMappingHandlerMapping:543] maincid - Mapped "{[/house/addUserMsg]}" onto public com.mooc.house.hsrv.common.RestResponse<java.lang.Object> com.mooc.house.hsrv.controller.HouseController.houseMsg(com.mooc.house.hsrv.model.UserMsg)
2018-08-09 10:15:01.574 [main] INFO  [org.springframework.web.servlet.mvc.method.annotation.RequestMappingHandlerMapping:543] maincid - Mapped "{[/house/allCitys]}" onto public com.mooc.house.hsrv.common.RestResponse<java.util.List<com.mooc.house.hsrv.model.City>> com.mooc.house.hsrv.controller.HouseController.allCitys()
2018-08-09 10:15:01.575 [main] INFO  [org.springframework.web.servlet.mvc.method.annotation.RequestMappingHandlerMapping:543] maincid - Mapped "{[/house/rating]}" onto public com.mooc.house.hsrv.common.RestResponse<java.lang.Object> com.mooc.house.hsrv.controller.HouseController.houseRate(java.lang.Double,java.lang.Long)
2018-08-09 10:15:01.575 [main] INFO  [org.springframework.web.servlet.mvc.method.annotation.RequestMappingHandlerMapping:543] maincid - Mapped "{[/house/list]}" onto public com.mooc.house.hsrv.common.RestResponse<com.mooc.house.hsrv.model.ListResponse<com.mooc.house.hsrv.model.House>> com.mooc.house.hsrv.controller.HouseController.houseList(com.mooc.house.hsrv.model.HouseQueryReq)
2018-08-09 10:15:01.575 [main] INFO  [org.springframework.web.servlet.mvc.method.annotation.RequestMappingHandlerMapping:543] maincid - Mapped "{[/house/detail]}" onto public com.mooc.house.hsrv.common.RestResponse<com.mooc.house.hsrv.model.House> com.mooc.house.hsrv.controller.HouseController.houseDetail(long)
2018-08-09 10:15:01.575 [main] INFO  [org.springframework.web.servlet.mvc.method.annotation.RequestMappingHandlerMapping:543] maincid - Mapped "{[/house/add]}" onto public com.mooc.house.hsrv.common.RestResponse<java.lang.Object> com.mooc.house.hsrv.controller.HouseController.doAdd(com.mooc.house.hsrv.model.House)
2018-08-09 10:15:01.575 [main] INFO  [org.springframework.web.servlet.mvc.method.annotation.RequestMappingHandlerMapping:543] maincid - Mapped "{[/house/bind]}" onto public com.mooc.house.hsrv.common.RestResponse<java.lang.Object> com.mooc.house.hsrv.controller.HouseController.delsale(com.mooc.house.hsrv.model.HouseUserReq)
2018-08-09 10:15:01.576 [main] INFO  [org.springframework.web.servlet.mvc.method.annotation.RequestMappingHandlerMapping:543] maincid - Mapped "{[/house/lastest]}" onto public com.mooc.house.hsrv.common.RestResponse<java.util.List<com.mooc.house.hsrv.model.House>> com.mooc.house.hsrv.controller.HouseController.getLastest()
2018-08-09 10:15:01.576 [main] INFO  [org.springframework.web.servlet.mvc.method.annotation.RequestMappingHandlerMapping:543] maincid - Mapped "{[/house/hot]}" onto public com.mooc.house.hsrv.common.RestResponse<java.util.List<com.mooc.house.hsrv.model.House>> com.mooc.house.hsrv.controller.HouseController.getHotHouse(java.lang.Integer)
2018-08-09 10:15:01.576 [main] INFO  [org.springframework.web.servlet.mvc.method.annotation.RequestMappingHandlerMapping:543] maincid - Mapped "{[/v2/api-docs],methods=[GET]}" onto public org.springframework.http.ResponseEntity<springfox.documentation.spring.web.json.Json> springfox.documentation.swagger2.web.Swagger2Controller.getDocumentation(java.lang.String)
2018-08-09 10:15:01.580 [main] INFO  [org.springframework.web.servlet.mvc.method.annotation.RequestMappingHandlerMapping:543] maincid - Mapped "{[/configuration/ui]}" onto org.springframework.http.ResponseEntity<springfox.documentation.swagger.web.UiConfiguration> springfox.documentation.swagger.web.ApiResourceController.uiConfiguration()
2018-08-09 10:15:01.580 [main] INFO  [org.springframework.web.servlet.mvc.method.annotation.RequestMappingHandlerMapping:543] maincid - Mapped "{[/swagger-resources]}" onto org.springframework.http.ResponseEntity<java.util.List<springfox.documentation.swagger.web.SwaggerResource>> springfox.documentation.swagger.web.ApiResourceController.swaggerResources()
2018-08-09 10:15:01.581 [main] INFO  [org.springframework.web.servlet.mvc.method.annotation.RequestMappingHandlerMapping:543] maincid - Mapped "{[/configuration/security]}" onto org.springframework.http.ResponseEntity<springfox.documentation.swagger.web.SecurityConfiguration> springfox.documentation.swagger.web.ApiResourceController.securityConfiguration()
2018-08-09 10:15:01.586 [main] INFO  [org.springframework.web.servlet.mvc.method.annotation.RequestMappingHandlerMapping:543] maincid - Mapped "{[/error]}" onto public org.springframework.http.ResponseEntity<java.util.Map<java.lang.String, java.lang.Object>> org.springframework.boot.autoconfigure.web.BasicErrorController.error(javax.servlet.http.HttpServletRequest)
2018-08-09 10:15:01.587 [main] INFO  [org.springframework.web.servlet.mvc.method.annotation.RequestMappingHandlerMapping:543] maincid - Mapped "{[/error],produces=[text/html]}" onto public org.springframework.web.servlet.ModelAndView org.springframework.boot.autoconfigure.web.BasicErrorController.errorHtml(javax.servlet.http.HttpServletRequest,javax.servlet.http.HttpServletResponse)
2018-08-09 10:15:03.349 [main] INFO  [org.springframework.boot.actuate.endpoint.mvc.EndpointHandlerMapping:543] maincid - Mapped "{[/actuator || /actuator.json],produces=[application/json]}" onto public org.springframework.hateoas.ResourceSupport org.springframework.boot.actuate.endpoint.mvc.HalJsonMvcEndpoint.links()
2018-08-09 10:15:03.351 [main] INFO  [org.springframework.boot.actuate.endpoint.mvc.EndpointHandlerMapping:543] maincid - Mapped "{[/beans || /beans.json],methods=[GET],produces=[application/json]}" onto public java.lang.Object org.springframework.boot.actuate.endpoint.mvc.EndpointMvcAdapter.invoke()
2018-08-09 10:15:03.351 [main] INFO  [org.springframework.boot.actuate.endpoint.mvc.EndpointHandlerMapping:543] maincid - Mapped "{[/refresh || /refresh.json],methods=[POST]}" onto public java.lang.Object org.springframework.cloud.endpoint.GenericPostableMvcEndpoint.invoke()
2018-08-09 10:15:03.356 [main] INFO  [org.springframework.boot.actuate.endpoint.mvc.EndpointHandlerMapping:543] maincid - Mapped "{[/env/{name:.*}],methods=[GET],produces=[application/json]}" onto public java.lang.Object org.springframework.boot.actuate.endpoint.mvc.EnvironmentMvcEndpoint.value(java.lang.String)
2018-08-09 10:15:03.356 [main] INFO  [org.springframework.boot.actuate.endpoint.mvc.EndpointHandlerMapping:543] maincid - Mapped "{[/env || /env.json],methods=[GET],produces=[application/json]}" onto public java.lang.Object org.springframework.boot.actuate.endpoint.mvc.EndpointMvcAdapter.invoke()
2018-08-09 10:15:03.357 [main] INFO  [org.springframework.boot.actuate.endpoint.mvc.EndpointHandlerMapping:543] maincid - Mapped "{[/info || /info.json],methods=[GET],produces=[application/json]}" onto public java.lang.Object org.springframework.boot.actuate.endpoint.mvc.EndpointMvcAdapter.invoke()
2018-08-09 10:15:03.357 [main] INFO  [org.springframework.boot.actuate.endpoint.mvc.EndpointHandlerMapping:543] maincid - Mapped "{[/resume || /resume.json],methods=[POST]}" onto public java.lang.Object org.springframework.cloud.endpoint.GenericPostableMvcEndpoint.invoke()
2018-08-09 10:15:03.358 [main] INFO  [org.springframework.boot.actuate.endpoint.mvc.EndpointHandlerMapping:543] maincid - Mapped "{[/autoconfig || /autoconfig.json],methods=[GET],produces=[application/json]}" onto public java.lang.Object org.springframework.boot.actuate.endpoint.mvc.EndpointMvcAdapter.invoke()
2018-08-09 10:15:03.358 [main] INFO  [org.springframework.boot.actuate.endpoint.mvc.EndpointHandlerMapping:543] maincid - Mapped "{[/mappings || /mappings.json],methods=[GET],produces=[application/json]}" onto public java.lang.Object org.springframework.boot.actuate.endpoint.mvc.EndpointMvcAdapter.invoke()
2018-08-09 10:15:03.359 [main] INFO  [org.springframework.boot.actuate.endpoint.mvc.EndpointHandlerMapping:543] maincid - Mapped "{[/trace || /trace.json],methods=[GET],produces=[application/json]}" onto public java.lang.Object org.springframework.boot.actuate.endpoint.mvc.EndpointMvcAdapter.invoke()
2018-08-09 10:15:03.362 [main] INFO  [org.springframework.boot.actuate.endpoint.mvc.EndpointHandlerMapping:543] maincid - Mapped "{[/metrics/{name:.*}],methods=[GET],produces=[application/json]}" onto public java.lang.Object org.springframework.boot.actuate.endpoint.mvc.MetricsMvcEndpoint.value(java.lang.String)
2018-08-09 10:15:03.362 [main] INFO  [org.springframework.boot.actuate.endpoint.mvc.EndpointHandlerMapping:543] maincid - Mapped "{[/metrics || /metrics.json],methods=[GET],produces=[application/json]}" onto public java.lang.Object org.springframework.boot.actuate.endpoint.mvc.EndpointMvcAdapter.invoke()
2018-08-09 10:15:03.363 [main] INFO  [org.springframework.boot.actuate.endpoint.mvc.EndpointHandlerMapping:543] maincid - Mapped "{[/features || /features.json],methods=[GET],produces=[application/json]}" onto public java.lang.Object org.springframework.boot.actuate.endpoint.mvc.EndpointMvcAdapter.invoke()
2018-08-09 10:15:03.363 [main] INFO  [org.springframework.boot.actuate.endpoint.mvc.EndpointHandlerMapping:543] maincid - Mapped "{[/archaius || /archaius.json],methods=[GET],produces=[application/json]}" onto public java.lang.Object org.springframework.boot.actuate.endpoint.mvc.EndpointMvcAdapter.invoke()
2018-08-09 10:15:03.364 [main] INFO  [org.springframework.boot.actuate.endpoint.mvc.EndpointHandlerMapping:543] maincid - Mapped "{[/env],methods=[POST]}" onto public java.lang.Object org.springframework.cloud.context.environment.EnvironmentManagerMvcEndpoint.value(java.util.Map<java.lang.String, java.lang.String>)
2018-08-09 10:15:03.364 [main] INFO  [org.springframework.boot.actuate.endpoint.mvc.EndpointHandlerMapping:543] maincid - Mapped "{[/env/reset],methods=[POST]}" onto public java.util.Map<java.lang.String, java.lang.Object> org.springframework.cloud.context.environment.EnvironmentManagerMvcEndpoint.reset()
2018-08-09 10:15:03.365 [main] INFO  [org.springframework.boot.actuate.endpoint.mvc.EndpointHandlerMapping:543] maincid - Mapped "{[/dump || /dump.json],methods=[GET],produces=[application/json]}" onto public java.lang.Object org.springframework.boot.actuate.endpoint.mvc.EndpointMvcAdapter.invoke()
2018-08-09 10:15:03.365 [main] INFO  [org.springframework.boot.actuate.endpoint.mvc.EndpointHandlerMapping:543] maincid - Mapped "{[/pause || /pause.json],methods=[POST]}" onto public java.lang.Object org.springframework.cloud.endpoint.GenericPostableMvcEndpoint.invoke()
2018-08-09 10:15:03.366 [main] INFO  [org.springframework.boot.actuate.endpoint.mvc.EndpointHandlerMapping:543] maincid - Mapped "{[/health || /health.json],produces=[application/json]}" onto public java.lang.Object org.springframework.boot.actuate.endpoint.mvc.HealthMvcEndpoint.invoke(java.security.Principal)
2018-08-09 10:15:03.366 [main] INFO  [org.springframework.boot.actuate.endpoint.mvc.EndpointHandlerMapping:543] maincid - Mapped "{[/restart || /restart.json],methods=[POST]}" onto public java.lang.Object org.springframework.cloud.context.restart.RestartMvcEndpoint.invoke()
2018-08-09 10:15:03.367 [main] INFO  [org.springframework.boot.actuate.endpoint.mvc.EndpointHandlerMapping:543] maincid - Mapped "{[/configprops || /configprops.json],methods=[GET],produces=[application/json]}" onto public java.lang.Object org.springframework.boot.actuate.endpoint.mvc.EndpointMvcAdapter.invoke()
2018-08-09 10:15:03.369 [main] INFO  [org.springframework.boot.actuate.endpoint.mvc.EndpointHandlerMapping:543] maincid - Mapped "{[/heapdump || /heapdump.json],methods=[GET],produces=[application/octet-stream]}" onto public void org.springframework.boot.actuate.endpoint.mvc.HeapdumpMvcEndpoint.invoke(boolean,javax.servlet.http.HttpServletRequest,javax.servlet.http.HttpServletResponse) throws java.io.IOException,javax.servlet.ServletException
2018-08-09 10:15:05.021 [main] INFO  [org.springframework.web.servlet.mvc.method.annotation.RequestMappingHandlerAdapter:534] maincid - Looking for @ControllerAdvice: org.springframework.boot.context.embedded.AnnotationConfigEmbeddedWebApplicationContext@60297f36: startup date [Thu Aug 09 10:14:20 CST 2018]; parent: org.springframework.context.annotation.AnnotationConfigApplicationContext@50ecde95
2018-08-09 10:15:05.031 [main] INFO  [org.springframework.web.servlet.mvc.method.annotation.RequestMappingHandlerAdapter:566] maincid - Detected ResponseBodyAdvice bean in org.springframework.boot.actuate.autoconfigure.EndpointWebMvcHypermediaManagementContextConfiguration$ActuatorEndpointLinksAdvice
2018-08-09 10:15:05.293 [main] INFO  [org.springframework.web.servlet.handler.SimpleUrlHandlerMapping:354] maincid - Mapped URL path [/webjars/**] onto handler of type [class org.springframework.web.servlet.resource.ResourceHttpRequestHandler]
2018-08-09 10:15:05.294 [main] INFO  [org.springframework.web.servlet.handler.SimpleUrlHandlerMapping:354] maincid - Mapped URL path [/**] onto handler of type [class org.springframework.web.servlet.resource.ResourceHttpRequestHandler]
2018-08-09 10:15:05.321 [main] INFO  [org.springframework.web.servlet.mvc.method.annotation.ExceptionHandlerExceptionResolver:273] maincid - Detected @ExceptionHandler methods in globalExceptionHandler
2018-08-09 10:15:05.321 [main] INFO  [org.springframework.web.servlet.mvc.method.annotation.ExceptionHandlerExceptionResolver:279] maincid - Detected ResponseBodyAdvice implementation in org.springframework.boot.actuate.autoconfigure.EndpointWebMvcHypermediaManagementContextConfiguration$ActuatorEndpointLinksAdvice
2018-08-09 10:15:05.395 [main] INFO  [org.springframework.web.servlet.handler.SimpleUrlHandlerMapping:354] maincid - Mapped URL path [/**/favicon.ico] onto handler of type [class org.springframework.web.servlet.resource.ResourceHttpRequestHandler]
2018-08-09 10:15:07.266 [main] INFO  [org.springframework.ui.freemarker.SpringTemplateLoader:61] maincid - SpringTemplateLoader for FreeMarker: using resource loader [org.springframework.boot.context.embedded.AnnotationConfigEmbeddedWebApplicationContext@60297f36: startup date [Thu Aug 09 10:14:20 CST 2018]; parent: org.springframework.context.annotation.AnnotationConfigApplicationContext@50ecde95] and template loader path [classpath:/templates/]
2018-08-09 10:15:07.269 [main] INFO  [org.springframework.web.servlet.view.freemarker.FreeMarkerConfigurer:127] maincid - ClassTemplateLoader for Spring macros added to FreeMarker configuration
2018-08-09 10:15:08.509 [main] WARN  [org.springframework.boot.starter.redis.RedisStarterDeprecationWarningAutoConfiguration:43] maincid - spring-boot-starter-redis is deprecated as of Spring Boot 1.4, please migrate to spring-boot-starter-data-redis
2018-08-09 10:15:08.674 [main] WARN  [com.netflix.config.sources.URLConfigurationSource:121] maincid - No URLs will be polled as dynamic configuration sources.
2018-08-09 10:15:08.675 [main] INFO  [com.netflix.config.sources.URLConfigurationSource:122] maincid - To enable URLs as dynamic configuration sources, define System property archaius.configurationSource.additionalUrls or make config.properties available on classpath.
2018-08-09 10:15:08.684 [main] WARN  [com.netflix.config.sources.URLConfigurationSource:121] maincid - No URLs will be polled as dynamic configuration sources.
2018-08-09 10:15:08.684 [main] INFO  [com.netflix.config.sources.URLConfigurationSource:122] maincid - To enable URLs as dynamic configuration sources, define System property archaius.configurationSource.additionalUrls or make config.properties available on classpath.
2018-08-09 10:15:09.170 [main] INFO  [org.springframework.scheduling.concurrent.ThreadPoolTaskScheduler:165] maincid - Initializing ExecutorService 
2018-08-09 10:15:09.380 [main] INFO  [org.springframework.jmx.export.annotation.AnnotationMBeanExporter:431] maincid - Registering beans for JMX exposure on startup
2018-08-09 10:15:09.382 [main] INFO  [org.springframework.jmx.export.annotation.AnnotationMBeanExporter:916] maincid - Bean with name 'dataSource' has been autodetected for JMX exposure
2018-08-09 10:15:09.382 [main] INFO  [org.springframework.jmx.export.annotation.AnnotationMBeanExporter:916] maincid - Bean with name 'statFilter' has been autodetected for JMX exposure
2018-08-09 10:15:09.392 [main] INFO  [org.springframework.jmx.export.annotation.AnnotationMBeanExporter:916] maincid - Bean with name 'refreshScope' has been autodetected for JMX exposure
2018-08-09 10:15:09.393 [main] INFO  [org.springframework.jmx.export.annotation.AnnotationMBeanExporter:916] maincid - Bean with name 'environmentManager' has been autodetected for JMX exposure
2018-08-09 10:15:09.394 [main] INFO  [org.springframework.jmx.export.annotation.AnnotationMBeanExporter:916] maincid - Bean with name 'configurationPropertiesRebinder' has been autodetected for JMX exposure
2018-08-09 10:15:09.396 [main] INFO  [org.springframework.jmx.export.annotation.AnnotationMBeanExporter:916] maincid - Bean with name 'refreshEndpoint' has been autodetected for JMX exposure
2018-08-09 10:15:09.396 [main] INFO  [org.springframework.jmx.export.annotation.AnnotationMBeanExporter:916] maincid - Bean with name 'restartEndpoint' has been autodetected for JMX exposure
2018-08-09 10:15:09.401 [main] INFO  [org.springframework.jmx.export.annotation.AnnotationMBeanExporter:678] maincid - Located managed bean 'environmentManager': registering with JMX server as MBean [org.springframework.cloud.context.environment:name=environmentManager,type=EnvironmentManager]
2018-08-09 10:15:09.449 [main] INFO  [org.springframework.jmx.export.annotation.AnnotationMBeanExporter:678] maincid - Located managed bean 'restartEndpoint': registering with JMX server as MBean [org.springframework.cloud.context.restart:name=restartEndpoint,type=RestartEndpoint]
2018-08-09 10:15:09.461 [main] INFO  [org.springframework.jmx.export.annotation.AnnotationMBeanExporter:678] maincid - Located managed bean 'refreshScope': registering with JMX server as MBean [org.springframework.cloud.context.scope.refresh:name=refreshScope,type=RefreshScope]
2018-08-09 10:15:09.477 [main] INFO  [org.springframework.jmx.export.annotation.AnnotationMBeanExporter:678] maincid - Located managed bean 'configurationPropertiesRebinder': registering with JMX server as MBean [org.springframework.cloud.context.properties:name=configurationPropertiesRebinder,context=60297f36,type=ConfigurationPropertiesRebinder]
2018-08-09 10:15:09.483 [main] INFO  [org.springframework.jmx.export.annotation.AnnotationMBeanExporter:671] maincid - Located MBean 'dataSource': registering with JMX server as MBean [com.alibaba.druid.pool:name=dataSource,type=DruidDataSource]
2018-08-09 10:15:09.485 [main] INFO  [org.springframework.jmx.export.annotation.AnnotationMBeanExporter:678] maincid - Located managed bean 'refreshEndpoint': registering with JMX server as MBean [org.springframework.cloud.endpoint:name=refreshEndpoint,type=RefreshEndpoint]
2018-08-09 10:15:09.489 [main] INFO  [org.springframework.jmx.export.annotation.AnnotationMBeanExporter:671] maincid - Located MBean 'statFilter': registering with JMX server as MBean [com.alibaba.druid.filter.stat:name=statFilter,type=StatFilter]
2018-08-09 10:15:09.490 [main] INFO  [org.springframework.boot.actuate.endpoint.jmx.EndpointMBeanExporter:431] maincid - Registering beans for JMX exposure on startup
2018-08-09 10:15:09.927 [main] INFO  [org.springframework.context.support.DefaultLifecycleProcessor:341] maincid - Starting beans in phase 0
2018-08-09 10:15:09.937 [main] INFO  [org.springframework.cloud.netflix.eureka.InstanceInfoFactory:70] maincid - Setting initial instance status as: STARTING
2018-08-09 10:15:10.274 [main] INFO  [com.netflix.discovery.provider.DiscoveryJerseyProvider:70] maincid - Using JSON encoding codec LegacyJacksonJson
2018-08-09 10:15:10.275 [main] INFO  [com.netflix.discovery.provider.DiscoveryJerseyProvider:71] maincid - Using JSON decoding codec LegacyJacksonJson
2018-08-09 10:15:10.466 [main] INFO  [com.netflix.discovery.provider.DiscoveryJerseyProvider:80] maincid - Using XML encoding codec XStreamXml
2018-08-09 10:15:10.466 [main] INFO  [com.netflix.discovery.provider.DiscoveryJerseyProvider:81] maincid - Using XML decoding codec XStreamXml
2018-08-09 10:15:10.867 [main] INFO  [com.netflix.discovery.shared.resolver.aws.ConfigClusterResolver:43] maincid - Resolving eureka endpoints via configuration
2018-08-09 10:15:11.309 [main] INFO  [com.netflix.discovery.DiscoveryClient:937] maincid - Disable delta property : false
2018-08-09 10:15:11.310 [main] INFO  [com.netflix.discovery.DiscoveryClient:938] maincid - Single vip registry refresh property : null
2018-08-09 10:15:11.310 [main] INFO  [com.netflix.discovery.DiscoveryClient:939] maincid - Force full registry fetch : false
2018-08-09 10:15:11.310 [main] INFO  [com.netflix.discovery.DiscoveryClient:940] maincid - Application is null : false
2018-08-09 10:15:11.310 [main] INFO  [com.netflix.discovery.DiscoveryClient:941] maincid - Registered Applications size is zero : true
2018-08-09 10:15:11.310 [main] INFO  [com.netflix.discovery.DiscoveryClient:943] maincid - Application version is -1: true
2018-08-09 10:15:11.310 [main] INFO  [com.netflix.discovery.DiscoveryClient:1026] maincid - Getting all instance registry info from the eureka server
2018-08-09 10:15:12.740 [main] ERROR [com.netflix.discovery.shared.transport.decorator.RedirectingEurekaHttpClient:83] maincid - Request execution error
com.sun.jersey.api.client.ClientHandlerException: java.net.ConnectException: Connection refused: connect
	at com.sun.jersey.client.apache4.ApacheHttpClient4Handler.handle(ApacheHttpClient4Handler.java:187) ~[jersey-apache-client4-1.19.1.jar:1.19.1]
	at com.sun.jersey.api.client.filter.GZIPContentEncodingFilter.handle(GZIPContentEncodingFilter.java:123) ~[jersey-client-1.19.1.jar:1.19.1]
	at com.netflix.discovery.EurekaIdentityHeaderFilter.handle(EurekaIdentityHeaderFilter.java:27) ~[eureka-client-1.4.10.jar:1.4.10]
	at com.sun.jersey.api.client.Client.handle(Client.java:652) ~[jersey-client-1.19.1.jar:1.19.1]
	at com.sun.jersey.api.client.WebResource.handle(WebResource.java:682) ~[jersey-client-1.19.1.jar:1.19.1]
	at com.sun.jersey.api.client.WebResource.access$200(WebResource.java:74) ~[jersey-client-1.19.1.jar:1.19.1]
	at com.sun.jersey.api.client.WebResource$Builder.get(WebResource.java:509) ~[jersey-client-1.19.1.jar:1.19.1]
	at com.netflix.discovery.shared.transport.jersey.AbstractJerseyEurekaHttpClient.getApplicationsInternal(AbstractJerseyEurekaHttpClient.java:194) ~[eureka-client-1.4.10.jar:1.4.10]
	at com.netflix.discovery.shared.transport.jersey.AbstractJerseyEurekaHttpClient.getApplications(AbstractJerseyEurekaHttpClient.java:165) ~[eureka-client-1.4.10.jar:1.4.10]
	at com.netflix.discovery.shared.transport.decorator.EurekaHttpClientDecorator$6.execute(EurekaHttpClientDecorator.java:137) ~[eureka-client-1.4.10.jar:1.4.10]
	at com.netflix.discovery.shared.transport.decorator.MetricsCollectingEurekaHttpClient.execute(MetricsCollectingEurekaHttpClient.java:73) ~[eureka-client-1.4.10.jar:1.4.10]
	at com.netflix.discovery.shared.transport.decorator.EurekaHttpClientDecorator.getApplications(EurekaHttpClientDecorator.java:134) ~[eureka-client-1.4.10.jar:1.4.10]
	at com.netflix.discovery.shared.transport.decorator.EurekaHttpClientDecorator$6.execute(EurekaHttpClientDecorator.java:137) ~[eureka-client-1.4.10.jar:1.4.10]
	at com.netflix.discovery.shared.transport.decorator.RedirectingEurekaHttpClient.executeOnNewServer(RedirectingEurekaHttpClient.java:118) ~[eureka-client-1.4.10.jar:1.4.10]
	at com.netflix.discovery.shared.transport.decorator.RedirectingEurekaHttpClient.execute(RedirectingEurekaHttpClient.java:79) ~[eureka-client-1.4.10.jar:1.4.10]
	at com.netflix.discovery.shared.transport.decorator.EurekaHttpClientDecorator.getApplications(EurekaHttpClientDecorator.java:134) ~[eureka-client-1.4.10.jar:1.4.10]
	at com.netflix.discovery.shared.transport.decorator.EurekaHttpClientDecorator$6.execute(EurekaHttpClientDecorator.java:137) ~[eureka-client-1.4.10.jar:1.4.10]
	at com.netflix.discovery.shared.transport.decorator.RetryableEurekaHttpClient.execute(RetryableEurekaHttpClient.java:119) ~[eureka-client-1.4.10.jar:1.4.10]
	at com.netflix.discovery.shared.transport.decorator.EurekaHttpClientDecorator.getApplications(EurekaHttpClientDecorator.java:134) ~[eureka-client-1.4.10.jar:1.4.10]
	at com.netflix.discovery.shared.transport.decorator.EurekaHttpClientDecorator$6.execute(EurekaHttpClientDecorator.java:137) ~[eureka-client-1.4.10.jar:1.4.10]
	at com.netflix.discovery.shared.transport.decorator.SessionedEurekaHttpClient.execute(SessionedEurekaHttpClient.java:77) ~[eureka-client-1.4.10.jar:1.4.10]
	at com.netflix.discovery.shared.transport.decorator.EurekaHttpClientDecorator.getApplications(EurekaHttpClientDecorator.java:134) ~[eureka-client-1.4.10.jar:1.4.10]
	at com.netflix.discovery.DiscoveryClient.getAndStoreFullRegistry(DiscoveryClient.java:1030) ~[eureka-client-1.4.10.jar:1.4.10]
	at com.netflix.discovery.DiscoveryClient.fetchRegistry(DiscoveryClient.java:944) ~[eureka-client-1.4.10.jar:1.4.10]
	at com.netflix.discovery.DiscoveryClient.<init>(DiscoveryClient.java:444) ~[eureka-client-1.4.10.jar:1.4.10]
	at com.netflix.discovery.DiscoveryClient.<init>(DiscoveryClient.java:304) ~[eureka-client-1.4.10.jar:1.4.10]
	at org.springframework.cloud.netflix.eureka.CloudEurekaClient.<init>(CloudEurekaClient.java:51) ~[spring-cloud-netflix-eureka-client-1.1.5.RELEASE.jar:1.1.5.RELEASE]
	at org.springframework.cloud.netflix.eureka.EurekaClientAutoConfiguration$RefreshableEurekaClientConfiguration.eurekaClient(EurekaClientAutoConfiguration.java:180) ~[spring-cloud-netflix-eureka-client-1.1.5.RELEASE.jar:1.1.5.RELEASE]
	at org.springframework.cloud.netflix.eureka.EurekaClientAutoConfiguration$RefreshableEurekaClientConfiguration$$EnhancerBySpringCGLIB$$8af6646d.CGLIB$eurekaClient$0(<generated>) ~[spring-cloud-netflix-eureka-client-1.1.5.RELEASE.jar:1.1.5.RELEASE]
	at org.springframework.cloud.netflix.eureka.EurekaClientAutoConfiguration$RefreshableEurekaClientConfiguration$$EnhancerBySpringCGLIB$$8af6646d$$FastClassBySpringCGLIB$$3c3967.invoke(<generated>) ~[spring-cloud-netflix-eureka-client-1.1.5.RELEASE.jar:1.1.5.RELEASE]
	at org.springframework.cglib.proxy.MethodProxy.invokeSuper(MethodProxy.java:228) ~[spring-core-4.3.5.RELEASE.jar:4.3.5.RELEASE]
	at org.springframework.context.annotation.ConfigurationClassEnhancer$BeanMethodInterceptor.intercept(ConfigurationClassEnhancer.java:356) ~[spring-context-4.3.5.RELEASE.jar:4.3.5.RELEASE]
	at org.springframework.cloud.netflix.eureka.EurekaClientAutoConfiguration$RefreshableEurekaClientConfiguration$$EnhancerBySpringCGLIB$$8af6646d.eurekaClient(<generated>) ~[spring-cloud-netflix-eureka-client-1.1.5.RELEASE.jar:1.1.5.RELEASE]
	at sun.reflect.NativeMethodAccessorImpl.invoke0(Native Method) ~[?:1.8.0_74]
	at sun.reflect.NativeMethodAccessorImpl.invoke(Unknown Source) ~[?:1.8.0_74]
	at sun.reflect.DelegatingMethodAccessorImpl.invoke(Unknown Source) ~[?:1.8.0_74]
	at java.lang.reflect.Method.invoke(Unknown Source) ~[?:1.8.0_74]
	at org.springframework.beans.factory.support.SimpleInstantiationStrategy.instantiate(SimpleInstantiationStrategy.java:162) ~[spring-beans-4.3.5.RELEASE.jar:4.3.5.RELEASE]
	at org.springframework.beans.factory.support.ConstructorResolver.instantiateUsingFactoryMethod(ConstructorResolver.java:588) ~[spring-beans-4.3.5.RELEASE.jar:4.3.5.RELEASE]
	at org.springframework.beans.factory.support.AbstractAutowireCapableBeanFactory.instantiateUsingFactoryMethod(AbstractAutowireCapableBeanFactory.java:1134) ~[spring-beans-4.3.5.RELEASE.jar:4.3.5.RELEASE]
	at org.springframework.beans.factory.support.AbstractAutowireCapableBeanFactory.createBeanInstance(AbstractAutowireCapableBeanFactory.java:1028) ~[spring-beans-4.3.5.RELEASE.jar:4.3.5.RELEASE]
	at org.springframework.beans.factory.support.AbstractAutowireCapableBeanFactory.doCreateBean(AbstractAutowireCapableBeanFactory.java:513) ~[spring-beans-4.3.5.RELEASE.jar:4.3.5.RELEASE]
	at org.springframework.beans.factory.support.AbstractAutowireCapableBeanFactory.createBean(AbstractAutowireCapableBeanFactory.java:483) ~[spring-beans-4.3.5.RELEASE.jar:4.3.5.RELEASE]
	at org.springframework.beans.factory.support.AbstractBeanFactory$2.getObject(AbstractBeanFactory.java:345) ~[spring-beans-4.3.5.RELEASE.jar:4.3.5.RELEASE]
	at org.springframework.cloud.context.scope.GenericScope$BeanLifecycleWrapper.getBean(GenericScope.java:359) ~[spring-cloud-context-1.1.1.RELEASE.jar:1.1.1.RELEASE]
	at org.springframework.cloud.context.scope.GenericScope.get(GenericScope.java:176) ~[spring-cloud-context-1.1.1.RELEASE.jar:1.1.1.RELEASE]
	at org.springframework.beans.factory.support.AbstractBeanFactory.doGetBean(AbstractBeanFactory.java:340) ~[spring-beans-4.3.5.RELEASE.jar:4.3.5.RELEASE]
	at org.springframework.beans.factory.support.AbstractBeanFactory.getBean(AbstractBeanFactory.java:197) ~[spring-beans-4.3.5.RELEASE.jar:4.3.5.RELEASE]
	at org.springframework.aop.target.SimpleBeanTargetSource.getTarget(SimpleBeanTargetSource.java:35) ~[spring-aop-4.3.5.RELEASE.jar:4.3.5.RELEASE]
	at org.springframework.aop.framework.JdkDynamicAopProxy.invoke(JdkDynamicAopProxy.java:192) ~[spring-aop-4.3.5.RELEASE.jar:4.3.5.RELEASE]
	at com.sun.proxy.$Proxy90.getApplications(Unknown Source) ~[?:?]
	at org.springframework.cloud.netflix.eureka.EurekaDiscoveryClientConfiguration.maybeInitializeClient(EurekaDiscoveryClientConfiguration.java:120) ~[spring-cloud-netflix-eureka-client-1.1.5.RELEASE.jar:1.1.5.RELEASE]
	at org.springframework.cloud.netflix.eureka.EurekaDiscoveryClientConfiguration.start(EurekaDiscoveryClientConfiguration.java:97) ~[spring-cloud-netflix-eureka-client-1.1.5.RELEASE.jar:1.1.5.RELEASE]
	at org.springframework.context.support.DefaultLifecycleProcessor.doStart(DefaultLifecycleProcessor.java:173) ~[spring-context-4.3.5.RELEASE.jar:4.3.5.RELEASE]
	at org.springframework.context.support.DefaultLifecycleProcessor.access$200(DefaultLifecycleProcessor.java:51) ~[spring-context-4.3.5.RELEASE.jar:4.3.5.RELEASE]
	at org.springframework.context.support.DefaultLifecycleProcessor$LifecycleGroup.start(DefaultLifecycleProcessor.java:346) ~[spring-context-4.3.5.RELEASE.jar:4.3.5.RELEASE]
	at org.springframework.context.support.DefaultLifecycleProcessor.startBeans(DefaultLifecycleProcessor.java:149) ~[spring-context-4.3.5.RELEASE.jar:4.3.5.RELEASE]
	at org.springframework.context.support.DefaultLifecycleProcessor.onRefresh(DefaultLifecycleProcessor.java:112) ~[spring-context-4.3.5.RELEASE.jar:4.3.5.RELEASE]
	at org.springframework.context.support.AbstractApplicationContext.finishRefresh(AbstractApplicationContext.java:879) ~[spring-context-4.3.5.RELEASE.jar:4.3.5.RELEASE]
	at org.springframework.boot.context.embedded.EmbeddedWebApplicationContext.finishRefresh(EmbeddedWebApplicationContext.java:144) ~[spring-boot-1.4.3.RELEASE.jar:1.4.3.RELEASE]
	at org.springframework.context.support.AbstractApplicationContext.refresh(AbstractApplicationContext.java:545) ~[spring-context-4.3.5.RELEASE.jar:4.3.5.RELEASE]
	at org.springframework.boot.context.embedded.EmbeddedWebApplicationContext.refresh(EmbeddedWebApplicationContext.java:122) ~[spring-boot-1.4.3.RELEASE.jar:1.4.3.RELEASE]
	at org.springframework.boot.SpringApplication.refresh(SpringApplication.java:761) ~[spring-boot-1.4.3.RELEASE.jar:1.4.3.RELEASE]
	at org.springframework.boot.SpringApplication.refreshContext(SpringApplication.java:371) ~[spring-boot-1.4.3.RELEASE.jar:1.4.3.RELEASE]
	at org.springframework.boot.SpringApplication.run(SpringApplication.java:315) ~[spring-boot-1.4.3.RELEASE.jar:1.4.3.RELEASE]
	at org.springframework.boot.SpringApplication.run(SpringApplication.java:1186) ~[spring-boot-1.4.3.RELEASE.jar:1.4.3.RELEASE]
	at org.springframework.boot.SpringApplication.run(SpringApplication.java:1175) ~[spring-boot-1.4.3.RELEASE.jar:1.4.3.RELEASE]
	at com.mooc.house.hsrv.HouseSrvApplication.main(HouseSrvApplication.java:15) ~[classes/:?]
Caused by: java.net.ConnectException: Connection refused: connect
	at java.net.DualStackPlainSocketImpl.waitForConnect(Native Method) ~[?:1.8.0_74]
	at java.net.DualStackPlainSocketImpl.socketConnect(Unknown Source) ~[?:1.8.0_74]
	at java.net.AbstractPlainSocketImpl.doConnect(Unknown Source) ~[?:1.8.0_74]
	at java.net.AbstractPlainSocketImpl.connectToAddress(Unknown Source) ~[?:1.8.0_74]
	at java.net.AbstractPlainSocketImpl.connect(Unknown Source) ~[?:1.8.0_74]
	at java.net.PlainSocketImpl.connect(Unknown Source) ~[?:1.8.0_74]
	at java.net.SocksSocketImpl.connect(Unknown Source) ~[?:1.8.0_74]
	at java.net.Socket.connect(Unknown Source) ~[?:1.8.0_74]
	at org.apache.http.conn.scheme.PlainSocketFactory.connectSocket(PlainSocketFactory.java:120) ~[httpclient-4.5.2.jar:4.5.2]
	at org.apache.http.impl.conn.DefaultClientConnectionOperator.openConnection(DefaultClientConnectionOperator.java:179) ~[httpclient-4.5.2.jar:4.5.2]
	at org.apache.http.impl.conn.AbstractPoolEntry.open(AbstractPoolEntry.java:144) ~[httpclient-4.5.2.jar:4.5.2]
	at org.apache.http.impl.conn.AbstractPooledConnAdapter.open(AbstractPooledConnAdapter.java:134) ~[httpclient-4.5.2.jar:4.5.2]
	at org.apache.http.impl.client.DefaultRequestDirector.tryConnect(DefaultRequestDirector.java:612) ~[httpclient-4.5.2.jar:4.5.2]
	at org.apache.http.impl.client.DefaultRequestDirector.execute(DefaultRequestDirector.java:447) ~[httpclient-4.5.2.jar:4.5.2]
	at org.apache.http.impl.client.AbstractHttpClient.doExecute(AbstractHttpClient.java:884) ~[httpclient-4.5.2.jar:4.5.2]
	at org.apache.http.impl.client.CloseableHttpClient.execute(CloseableHttpClient.java:117) ~[httpclient-4.5.2.jar:4.5.2]
	at org.apache.http.impl.client.CloseableHttpClient.execute(CloseableHttpClient.java:55) ~[httpclient-4.5.2.jar:4.5.2]
	at com.sun.jersey.client.apache4.ApacheHttpClient4Handler.handle(ApacheHttpClient4Handler.java:173) ~[jersey-apache-client4-1.19.1.jar:1.19.1]
	... 67 more
2018-08-09 10:15:12.741 [main] WARN  [com.netflix.discovery.shared.transport.decorator.RetryableEurekaHttpClient:129] maincid - Request execution failure
2018-08-09 10:15:12.820 [main] ERROR [com.netflix.discovery.DiscoveryClient:951] maincid - DiscoveryClient_HOUSE/LAPTOP-ERVHANDT:house:8084 - was unable to refresh its cache! status = Cannot execute request on any known server
com.netflix.discovery.shared.transport.TransportException: Cannot execute request on any known server
	at com.netflix.discovery.shared.transport.decorator.RetryableEurekaHttpClient.execute(RetryableEurekaHttpClient.java:111) ~[eureka-client-1.4.10.jar:1.4.10]
	at com.netflix.discovery.shared.transport.decorator.EurekaHttpClientDecorator.getApplications(EurekaHttpClientDecorator.java:134) ~[eureka-client-1.4.10.jar:1.4.10]
	at com.netflix.discovery.shared.transport.decorator.EurekaHttpClientDecorator$6.execute(EurekaHttpClientDecorator.java:137) ~[eureka-client-1.4.10.jar:1.4.10]
	at com.netflix.discovery.shared.transport.decorator.SessionedEurekaHttpClient.execute(SessionedEurekaHttpClient.java:77) ~[eureka-client-1.4.10.jar:1.4.10]
	at com.netflix.discovery.shared.transport.decorator.EurekaHttpClientDecorator.getApplications(EurekaHttpClientDecorator.java:134) ~[eureka-client-1.4.10.jar:1.4.10]
	at com.netflix.discovery.DiscoveryClient.getAndStoreFullRegistry(DiscoveryClient.java:1030) ~[eureka-client-1.4.10.jar:1.4.10]
	at com.netflix.discovery.DiscoveryClient.fetchRegistry(DiscoveryClient.java:944) ~[eureka-client-1.4.10.jar:1.4.10]
	at com.netflix.discovery.DiscoveryClient.<init>(DiscoveryClient.java:444) ~[eureka-client-1.4.10.jar:1.4.10]
	at com.netflix.discovery.DiscoveryClient.<init>(DiscoveryClient.java:304) ~[eureka-client-1.4.10.jar:1.4.10]
	at org.springframework.cloud.netflix.eureka.CloudEurekaClient.<init>(CloudEurekaClient.java:51) ~[spring-cloud-netflix-eureka-client-1.1.5.RELEASE.jar:1.1.5.RELEASE]
	at org.springframework.cloud.netflix.eureka.EurekaClientAutoConfiguration$RefreshableEurekaClientConfiguration.eurekaClient(EurekaClientAutoConfiguration.java:180) ~[spring-cloud-netflix-eureka-client-1.1.5.RELEASE.jar:1.1.5.RELEASE]
	at org.springframework.cloud.netflix.eureka.EurekaClientAutoConfiguration$RefreshableEurekaClientConfiguration$$EnhancerBySpringCGLIB$$8af6646d.CGLIB$eurekaClient$0(<generated>) ~[spring-cloud-netflix-eureka-client-1.1.5.RELEASE.jar:1.1.5.RELEASE]
	at org.springframework.cloud.netflix.eureka.EurekaClientAutoConfiguration$RefreshableEurekaClientConfiguration$$EnhancerBySpringCGLIB$$8af6646d$$FastClassBySpringCGLIB$$3c3967.invoke(<generated>) ~[spring-cloud-netflix-eureka-client-1.1.5.RELEASE.jar:1.1.5.RELEASE]
	at org.springframework.cglib.proxy.MethodProxy.invokeSuper(MethodProxy.java:228) ~[spring-core-4.3.5.RELEASE.jar:4.3.5.RELEASE]
	at org.springframework.context.annotation.ConfigurationClassEnhancer$BeanMethodInterceptor.intercept(ConfigurationClassEnhancer.java:356) ~[spring-context-4.3.5.RELEASE.jar:4.3.5.RELEASE]
	at org.springframework.cloud.netflix.eureka.EurekaClientAutoConfiguration$RefreshableEurekaClientConfiguration$$EnhancerBySpringCGLIB$$8af6646d.eurekaClient(<generated>) ~[spring-cloud-netflix-eureka-client-1.1.5.RELEASE.jar:1.1.5.RELEASE]
	at sun.reflect.NativeMethodAccessorImpl.invoke0(Native Method) ~[?:1.8.0_74]
	at sun.reflect.NativeMethodAccessorImpl.invoke(Unknown Source) ~[?:1.8.0_74]
	at sun.reflect.DelegatingMethodAccessorImpl.invoke(Unknown Source) ~[?:1.8.0_74]
	at java.lang.reflect.Method.invoke(Unknown Source) ~[?:1.8.0_74]
	at org.springframework.beans.factory.support.SimpleInstantiationStrategy.instantiate(SimpleInstantiationStrategy.java:162) ~[spring-beans-4.3.5.RELEASE.jar:4.3.5.RELEASE]
	at org.springframework.beans.factory.support.ConstructorResolver.instantiateUsingFactoryMethod(ConstructorResolver.java:588) ~[spring-beans-4.3.5.RELEASE.jar:4.3.5.RELEASE]
	at org.springframework.beans.factory.support.AbstractAutowireCapableBeanFactory.instantiateUsingFactoryMethod(AbstractAutowireCapableBeanFactory.java:1134) ~[spring-beans-4.3.5.RELEASE.jar:4.3.5.RELEASE]
	at org.springframework.beans.factory.support.AbstractAutowireCapableBeanFactory.createBeanInstance(AbstractAutowireCapableBeanFactory.java:1028) ~[spring-beans-4.3.5.RELEASE.jar:4.3.5.RELEASE]
	at org.springframework.beans.factory.support.AbstractAutowireCapableBeanFactory.doCreateBean(AbstractAutowireCapableBeanFactory.java:513) ~[spring-beans-4.3.5.RELEASE.jar:4.3.5.RELEASE]
	at org.springframework.beans.factory.support.AbstractAutowireCapableBeanFactory.createBean(AbstractAutowireCapableBeanFactory.java:483) ~[spring-beans-4.3.5.RELEASE.jar:4.3.5.RELEASE]
	at org.springframework.beans.factory.support.AbstractBeanFactory$2.getObject(AbstractBeanFactory.java:345) ~[spring-beans-4.3.5.RELEASE.jar:4.3.5.RELEASE]
	at org.springframework.cloud.context.scope.GenericScope$BeanLifecycleWrapper.getBean(GenericScope.java:359) ~[spring-cloud-context-1.1.1.RELEASE.jar:1.1.1.RELEASE]
	at org.springframework.cloud.context.scope.GenericScope.get(GenericScope.java:176) ~[spring-cloud-context-1.1.1.RELEASE.jar:1.1.1.RELEASE]
	at org.springframework.beans.factory.support.AbstractBeanFactory.doGetBean(AbstractBeanFactory.java:340) ~[spring-beans-4.3.5.RELEASE.jar:4.3.5.RELEASE]
	at org.springframework.beans.factory.support.AbstractBeanFactory.getBean(AbstractBeanFactory.java:197) ~[spring-beans-4.3.5.RELEASE.jar:4.3.5.RELEASE]
	at org.springframework.aop.target.SimpleBeanTargetSource.getTarget(SimpleBeanTargetSource.java:35) ~[spring-aop-4.3.5.RELEASE.jar:4.3.5.RELEASE]
	at org.springframework.aop.framework.JdkDynamicAopProxy.invoke(JdkDynamicAopProxy.java:192) ~[spring-aop-4.3.5.RELEASE.jar:4.3.5.RELEASE]
	at com.sun.proxy.$Proxy90.getApplications(Unknown Source) ~[?:?]
	at org.springframework.cloud.netflix.eureka.EurekaDiscoveryClientConfiguration.maybeInitializeClient(EurekaDiscoveryClientConfiguration.java:120) ~[spring-cloud-netflix-eureka-client-1.1.5.RELEASE.jar:1.1.5.RELEASE]
	at org.springframework.cloud.netflix.eureka.EurekaDiscoveryClientConfiguration.start(EurekaDiscoveryClientConfiguration.java:97) ~[spring-cloud-netflix-eureka-client-1.1.5.RELEASE.jar:1.1.5.RELEASE]
	at org.springframework.context.support.DefaultLifecycleProcessor.doStart(DefaultLifecycleProcessor.java:173) ~[spring-context-4.3.5.RELEASE.jar:4.3.5.RELEASE]
	at org.springframework.context.support.DefaultLifecycleProcessor.access$200(DefaultLifecycleProcessor.java:51) ~[spring-context-4.3.5.RELEASE.jar:4.3.5.RELEASE]
	at org.springframework.context.support.DefaultLifecycleProcessor$LifecycleGroup.start(DefaultLifecycleProcessor.java:346) ~[spring-context-4.3.5.RELEASE.jar:4.3.5.RELEASE]
	at org.springframework.context.support.DefaultLifecycleProcessor.startBeans(DefaultLifecycleProcessor.java:149) ~[spring-context-4.3.5.RELEASE.jar:4.3.5.RELEASE]
	at org.springframework.context.support.DefaultLifecycleProcessor.onRefresh(DefaultLifecycleProcessor.java:112) ~[spring-context-4.3.5.RELEASE.jar:4.3.5.RELEASE]
	at org.springframework.context.support.AbstractApplicationContext.finishRefresh(AbstractApplicationContext.java:879) ~[spring-context-4.3.5.RELEASE.jar:4.3.5.RELEASE]
	at org.springframework.boot.context.embedded.EmbeddedWebApplicationContext.finishRefresh(EmbeddedWebApplicationContext.java:144) ~[spring-boot-1.4.3.RELEASE.jar:1.4.3.RELEASE]
	at org.springframework.context.support.AbstractApplicationContext.refresh(AbstractApplicationContext.java:545) ~[spring-context-4.3.5.RELEASE.jar:4.3.5.RELEASE]
	at org.springframework.boot.context.embedded.EmbeddedWebApplicationContext.refresh(EmbeddedWebApplicationContext.java:122) ~[spring-boot-1.4.3.RELEASE.jar:1.4.3.RELEASE]
	at org.springframework.boot.SpringApplication.refresh(SpringApplication.java:761) ~[spring-boot-1.4.3.RELEASE.jar:1.4.3.RELEASE]
	at org.springframework.boot.SpringApplication.refreshContext(SpringApplication.java:371) ~[spring-boot-1.4.3.RELEASE.jar:1.4.3.RELEASE]
	at org.springframework.boot.SpringApplication.run(SpringApplication.java:315) ~[spring-boot-1.4.3.RELEASE.jar:1.4.3.RELEASE]
	at org.springframework.boot.SpringApplication.run(SpringApplication.java:1186) ~[spring-boot-1.4.3.RELEASE.jar:1.4.3.RELEASE]
	at org.springframework.boot.SpringApplication.run(SpringApplication.java:1175) ~[spring-boot-1.4.3.RELEASE.jar:1.4.3.RELEASE]
	at com.mooc.house.hsrv.HouseSrvApplication.main(HouseSrvApplication.java:15) ~[classes/:?]
2018-08-09 10:15:12.820 [main] WARN  [com.netflix.discovery.DiscoveryClient:325] maincid - Using default backup registry implementation which does not do anything.
2018-08-09 10:15:12.824 [main] INFO  [com.netflix.discovery.DiscoveryClient:1261] maincid - Starting heartbeat executor: renew interval is: 5
2018-08-09 10:15:12.830 [main] INFO  [com.netflix.discovery.InstanceInfoReplicator:59] maincid - InstanceInfoReplicator onDemand update allowed rate per min is 4
2018-08-09 10:15:12.835 [main] INFO  [com.netflix.discovery.DiscoveryClient:461] maincid - Discovery Client initialized at timestamp 1533780912835 with initial instances count: 0
2018-08-09 10:15:13.018 [main] INFO  [org.springframework.cloud.netflix.eureka.EurekaDiscoveryClientConfiguration:100] maincid - Registering application house with eureka with status UP
2018-08-09 10:15:13.021 [main] INFO  [com.netflix.discovery.DiscoveryClient:1296] maincid - Saw local status change event StatusChangeEvent [timestamp=1533780913020, current=UP, previous=STARTING]
2018-08-09 10:15:13.026 [DiscoveryClient-InstanceInfoReplicator-0] INFO  [com.netflix.discovery.DiscoveryClient:812] DiscoveryClient-InstanceInfoReplicator-0cid - DiscoveryClient_HOUSE/LAPTOP-ERVHANDT:house:8084: registering service...
2018-08-09 10:15:13.033 [main] INFO  [org.springframework.boot.actuate.endpoint.jmx.EndpointMBeanExporter:678] maincid - Located managed bean 'featuresEndpoint': registering with JMX server as MBean [org.springframework.boot:type=Endpoint,name=featuresEndpoint]
2018-08-09 10:15:13.116 [main] INFO  [org.springframework.boot.actuate.endpoint.jmx.EndpointMBeanExporter:678] maincid - Located managed bean 'requestMappingEndpoint': registering with JMX server as MBean [org.springframework.boot:type=Endpoint,name=requestMappingEndpoint]
2018-08-09 10:15:13.118 [main] INFO  [org.springframework.boot.actuate.endpoint.jmx.EndpointMBeanExporter:678] maincid - Located managed bean 'environmentEndpoint': registering with JMX server as MBean [org.springframework.boot:type=Endpoint,name=environmentEndpoint]
2018-08-09 10:15:13.122 [main] INFO  [org.springframework.boot.actuate.endpoint.jmx.EndpointMBeanExporter:678] maincid - Located managed bean 'healthEndpoint': registering with JMX server as MBean [org.springframework.boot:type=Endpoint,name=healthEndpoint]
2018-08-09 10:15:13.132 [main] INFO  [org.springframework.boot.actuate.endpoint.jmx.EndpointMBeanExporter:678] maincid - Located managed bean 'beansEndpoint': registering with JMX server as MBean [org.springframework.boot:type=Endpoint,name=beansEndpoint]
2018-08-09 10:15:13.142 [main] INFO  [org.springframework.boot.actuate.endpoint.jmx.EndpointMBeanExporter:678] maincid - Located managed bean 'infoEndpoint': registering with JMX server as MBean [org.springframework.boot:type=Endpoint,name=infoEndpoint]
2018-08-09 10:15:13.144 [main] INFO  [org.springframework.boot.actuate.endpoint.jmx.EndpointMBeanExporter:678] maincid - Located managed bean 'metricsEndpoint': registering with JMX server as MBean [org.springframework.boot:type=Endpoint,name=metricsEndpoint]
2018-08-09 10:15:13.147 [main] INFO  [org.springframework.boot.actuate.endpoint.jmx.EndpointMBeanExporter:678] maincid - Located managed bean 'traceEndpoint': registering with JMX server as MBean [org.springframework.boot:type=Endpoint,name=traceEndpoint]
2018-08-09 10:15:13.149 [main] INFO  [org.springframework.boot.actuate.endpoint.jmx.EndpointMBeanExporter:678] maincid - Located managed bean 'dumpEndpoint': registering with JMX server as MBean [org.springframework.boot:type=Endpoint,name=dumpEndpoint]
2018-08-09 10:15:13.153 [main] INFO  [org.springframework.boot.actuate.endpoint.jmx.EndpointMBeanExporter:678] maincid - Located managed bean 'autoConfigurationReportEndpoint': registering with JMX server as MBean [org.springframework.boot:type=Endpoint,name=autoConfigurationReportEndpoint]
2018-08-09 10:15:13.156 [main] INFO  [org.springframework.boot.actuate.endpoint.jmx.EndpointMBeanExporter:678] maincid - Located managed bean 'configurationPropertiesReportEndpoint': registering with JMX server as MBean [org.springframework.boot:type=Endpoint,name=configurationPropertiesReportEndpoint]
2018-08-09 10:15:13.160 [main] INFO  [org.springframework.boot.actuate.endpoint.jmx.EndpointMBeanExporter:678] maincid - Located managed bean 'archaiusEndpoint': registering with JMX server as MBean [org.springframework.boot:type=Endpoint,name=archaiusEndpoint]
2018-08-09 10:15:14.065 [main] INFO  [org.apache.coyote.http11.Http11NioProtocol:179] maincid - Initializing ProtocolHandler ["http-nio-8084"]
2018-08-09 10:15:14.116 [DiscoveryClient-InstanceInfoReplicator-0] ERROR [com.netflix.discovery.shared.transport.decorator.RedirectingEurekaHttpClient:83] DiscoveryClient-InstanceInfoReplicator-0cid - Request execution error
com.sun.jersey.api.client.ClientHandlerException: java.net.ConnectException: Connection refused: connect
	at com.sun.jersey.client.apache4.ApacheHttpClient4Handler.handle(ApacheHttpClient4Handler.java:187) ~[jersey-apache-client4-1.19.1.jar:1.19.1]
	at com.sun.jersey.api.client.filter.GZIPContentEncodingFilter.handle(GZIPContentEncodingFilter.java:123) ~[jersey-client-1.19.1.jar:1.19.1]
	at com.netflix.discovery.EurekaIdentityHeaderFilter.handle(EurekaIdentityHeaderFilter.java:27) ~[eureka-client-1.4.10.jar:1.4.10]
	at com.sun.jersey.api.client.Client.handle(Client.java:652) ~[jersey-client-1.19.1.jar:1.19.1]
	at com.sun.jersey.api.client.WebResource.handle(WebResource.java:682) ~[jersey-client-1.19.1.jar:1.19.1]
	at com.sun.jersey.api.client.WebResource.access$200(WebResource.java:74) ~[jersey-client-1.19.1.jar:1.19.1]
	at com.sun.jersey.api.client.WebResource$Builder.post(WebResource.java:570) ~[jersey-client-1.19.1.jar:1.19.1]
	at com.netflix.discovery.shared.transport.jersey.AbstractJerseyEurekaHttpClient.register(AbstractJerseyEurekaHttpClient.java:56) ~[eureka-client-1.4.10.jar:1.4.10]
	at com.netflix.discovery.shared.transport.decorator.EurekaHttpClientDecorator$1.execute(EurekaHttpClientDecorator.java:59) ~[eureka-client-1.4.10.jar:1.4.10]
	at com.netflix.discovery.shared.transport.decorator.MetricsCollectingEurekaHttpClient.execute(MetricsCollectingEurekaHttpClient.java:73) ~[eureka-client-1.4.10.jar:1.4.10]
	at com.netflix.discovery.shared.transport.decorator.EurekaHttpClientDecorator.register(EurekaHttpClientDecorator.java:56) ~[eureka-client-1.4.10.jar:1.4.10]
	at com.netflix.discovery.shared.transport.decorator.EurekaHttpClientDecorator$1.execute(EurekaHttpClientDecorator.java:59) ~[eureka-client-1.4.10.jar:1.4.10]
	at com.netflix.discovery.shared.transport.decorator.RedirectingEurekaHttpClient.executeOnNewServer(RedirectingEurekaHttpClient.java:118) ~[eureka-client-1.4.10.jar:1.4.10]
	at com.netflix.discovery.shared.transport.decorator.RedirectingEurekaHttpClient.execute(RedirectingEurekaHttpClient.java:79) ~[eureka-client-1.4.10.jar:1.4.10]
	at com.netflix.discovery.shared.transport.decorator.EurekaHttpClientDecorator.register(EurekaHttpClientDecorator.java:56) ~[eureka-client-1.4.10.jar:1.4.10]
	at com.netflix.discovery.shared.transport.decorator.EurekaHttpClientDecorator$1.execute(EurekaHttpClientDecorator.java:59) ~[eureka-client-1.4.10.jar:1.4.10]
	at com.netflix.discovery.shared.transport.decorator.RetryableEurekaHttpClient.execute(RetryableEurekaHttpClient.java:119) ~[eureka-client-1.4.10.jar:1.4.10]
	at com.netflix.discovery.shared.transport.decorator.EurekaHttpClientDecorator.register(EurekaHttpClientDecorator.java:56) ~[eureka-client-1.4.10.jar:1.4.10]
	at com.netflix.discovery.shared.transport.decorator.EurekaHttpClientDecorator$1.execute(EurekaHttpClientDecorator.java:59) ~[eureka-client-1.4.10.jar:1.4.10]
	at com.netflix.discovery.shared.transport.decorator.SessionedEurekaHttpClient.execute(SessionedEurekaHttpClient.java:77) ~[eureka-client-1.4.10.jar:1.4.10]
	at com.netflix.discovery.shared.transport.decorator.EurekaHttpClientDecorator.register(EurekaHttpClientDecorator.java:56) ~[eureka-client-1.4.10.jar:1.4.10]
	at com.netflix.discovery.DiscoveryClient.register(DiscoveryClient.java:815) ~[eureka-client-1.4.10.jar:1.4.10]
	at com.netflix.discovery.InstanceInfoReplicator.run(InstanceInfoReplicator.java:104) ~[eureka-client-1.4.10.jar:1.4.10]
	at com.netflix.discovery.InstanceInfoReplicator$1.run(InstanceInfoReplicator.java:88) ~[eureka-client-1.4.10.jar:1.4.10]
	at java.util.concurrent.Executors$RunnableAdapter.call(Unknown Source) ~[?:1.8.0_74]
	at java.util.concurrent.FutureTask.run(Unknown Source) ~[?:1.8.0_74]
	at java.util.concurrent.ScheduledThreadPoolExecutor$ScheduledFutureTask.access$201(Unknown Source) ~[?:1.8.0_74]
	at java.util.concurrent.ScheduledThreadPoolExecutor$ScheduledFutureTask.run(Unknown Source) ~[?:1.8.0_74]
	at java.util.concurrent.ThreadPoolExecutor.runWorker(Unknown Source) [?:1.8.0_74]
	at java.util.concurrent.ThreadPoolExecutor$Worker.run(Unknown Source) [?:1.8.0_74]
	at java.lang.Thread.run(Unknown Source) [?:1.8.0_74]
Caused by: java.net.ConnectException: Connection refused: connect
	at java.net.DualStackPlainSocketImpl.waitForConnect(Native Method) ~[?:1.8.0_74]
	at java.net.DualStackPlainSocketImpl.socketConnect(Unknown Source) ~[?:1.8.0_74]
	at java.net.AbstractPlainSocketImpl.doConnect(Unknown Source) ~[?:1.8.0_74]
	at java.net.AbstractPlainSocketImpl.connectToAddress(Unknown Source) ~[?:1.8.0_74]
	at java.net.AbstractPlainSocketImpl.connect(Unknown Source) ~[?:1.8.0_74]
	at java.net.PlainSocketImpl.connect(Unknown Source) ~[?:1.8.0_74]
	at java.net.SocksSocketImpl.connect(Unknown Source) ~[?:1.8.0_74]
	at java.net.Socket.connect(Unknown Source) ~[?:1.8.0_74]
	at org.apache.http.conn.scheme.PlainSocketFactory.connectSocket(PlainSocketFactory.java:120) ~[httpclient-4.5.2.jar:4.5.2]
	at org.apache.http.impl.conn.DefaultClientConnectionOperator.openConnection(DefaultClientConnectionOperator.java:179) ~[httpclient-4.5.2.jar:4.5.2]
	at org.apache.http.impl.conn.AbstractPoolEntry.open(AbstractPoolEntry.java:144) ~[httpclient-4.5.2.jar:4.5.2]
	at org.apache.http.impl.conn.AbstractPooledConnAdapter.open(AbstractPooledConnAdapter.java:134) ~[httpclient-4.5.2.jar:4.5.2]
	at org.apache.http.impl.client.DefaultRequestDirector.tryConnect(DefaultRequestDirector.java:612) ~[httpclient-4.5.2.jar:4.5.2]
	at org.apache.http.impl.client.DefaultRequestDirector.execute(DefaultRequestDirector.java:447) ~[httpclient-4.5.2.jar:4.5.2]
	at org.apache.http.impl.client.AbstractHttpClient.doExecute(AbstractHttpClient.java:884) ~[httpclient-4.5.2.jar:4.5.2]
	at org.apache.http.impl.client.CloseableHttpClient.execute(CloseableHttpClient.java:117) ~[httpclient-4.5.2.jar:4.5.2]
	at org.apache.http.impl.client.CloseableHttpClient.execute(CloseableHttpClient.java:55) ~[httpclient-4.5.2.jar:4.5.2]
	at com.sun.jersey.client.apache4.ApacheHttpClient4Handler.handle(ApacheHttpClient4Handler.java:173) ~[jersey-apache-client4-1.19.1.jar:1.19.1]
	... 30 more
2018-08-09 10:15:14.116 [DiscoveryClient-InstanceInfoReplicator-0] WARN  [com.netflix.discovery.shared.transport.decorator.RetryableEurekaHttpClient:129] DiscoveryClient-InstanceInfoReplicator-0cid - Request execution failure
2018-08-09 10:15:14.116 [DiscoveryClient-InstanceInfoReplicator-0] WARN  [com.netflix.discovery.DiscoveryClient:817] DiscoveryClient-InstanceInfoReplicator-0cid - DiscoveryClient_HOUSE/LAPTOP-ERVHANDT:house:8084 - registration failed Cannot execute request on any known server
com.netflix.discovery.shared.transport.TransportException: Cannot execute request on any known server
	at com.netflix.discovery.shared.transport.decorator.RetryableEurekaHttpClient.execute(RetryableEurekaHttpClient.java:111) ~[eureka-client-1.4.10.jar:1.4.10]
	at com.netflix.discovery.shared.transport.decorator.EurekaHttpClientDecorator.register(EurekaHttpClientDecorator.java:56) ~[eureka-client-1.4.10.jar:1.4.10]
	at com.netflix.discovery.shared.transport.decorator.EurekaHttpClientDecorator$1.execute(EurekaHttpClientDecorator.java:59) ~[eureka-client-1.4.10.jar:1.4.10]
	at com.netflix.discovery.shared.transport.decorator.SessionedEurekaHttpClient.execute(SessionedEurekaHttpClient.java:77) ~[eureka-client-1.4.10.jar:1.4.10]
	at com.netflix.discovery.shared.transport.decorator.EurekaHttpClientDecorator.register(EurekaHttpClientDecorator.java:56) ~[eureka-client-1.4.10.jar:1.4.10]
	at com.netflix.discovery.DiscoveryClient.register(DiscoveryClient.java:815) ~[eureka-client-1.4.10.jar:1.4.10]
	at com.netflix.discovery.InstanceInfoReplicator.run(InstanceInfoReplicator.java:104) ~[eureka-client-1.4.10.jar:1.4.10]
	at com.netflix.discovery.InstanceInfoReplicator$1.run(InstanceInfoReplicator.java:88) ~[eureka-client-1.4.10.jar:1.4.10]
	at java.util.concurrent.Executors$RunnableAdapter.call(Unknown Source) ~[?:1.8.0_74]
	at java.util.concurrent.FutureTask.run(Unknown Source) ~[?:1.8.0_74]
	at java.util.concurrent.ScheduledThreadPoolExecutor$ScheduledFutureTask.access$201(Unknown Source) ~[?:1.8.0_74]
	at java.util.concurrent.ScheduledThreadPoolExecutor$ScheduledFutureTask.run(Unknown Source) ~[?:1.8.0_74]
	at java.util.concurrent.ThreadPoolExecutor.runWorker(Unknown Source) [?:1.8.0_74]
	at java.util.concurrent.ThreadPoolExecutor$Worker.run(Unknown Source) [?:1.8.0_74]
	at java.lang.Thread.run(Unknown Source) [?:1.8.0_74]
2018-08-09 10:15:14.116 [DiscoveryClient-InstanceInfoReplicator-0] WARN  [com.netflix.discovery.InstanceInfoReplicator:108] DiscoveryClient-InstanceInfoReplicator-0cid - There was a problem with the instance info replicator
com.netflix.discovery.shared.transport.TransportException: Cannot execute request on any known server
	at com.netflix.discovery.shared.transport.decorator.RetryableEurekaHttpClient.execute(RetryableEurekaHttpClient.java:111) ~[eureka-client-1.4.10.jar:1.4.10]
	at com.netflix.discovery.shared.transport.decorator.EurekaHttpClientDecorator.register(EurekaHttpClientDecorator.java:56) ~[eureka-client-1.4.10.jar:1.4.10]
	at com.netflix.discovery.shared.transport.decorator.EurekaHttpClientDecorator$1.execute(EurekaHttpClientDecorator.java:59) ~[eureka-client-1.4.10.jar:1.4.10]
	at com.netflix.discovery.shared.transport.decorator.SessionedEurekaHttpClient.execute(SessionedEurekaHttpClient.java:77) ~[eureka-client-1.4.10.jar:1.4.10]
	at com.netflix.discovery.shared.transport.decorator.EurekaHttpClientDecorator.register(EurekaHttpClientDecorator.java:56) ~[eureka-client-1.4.10.jar:1.4.10]
	at com.netflix.discovery.DiscoveryClient.register(DiscoveryClient.java:815) ~[eureka-client-1.4.10.jar:1.4.10]
	at com.netflix.discovery.InstanceInfoReplicator.run(InstanceInfoReplicator.java:104) ~[eureka-client-1.4.10.jar:1.4.10]
	at com.netflix.discovery.InstanceInfoReplicator$1.run(InstanceInfoReplicator.java:88) ~[eureka-client-1.4.10.jar:1.4.10]
	at java.util.concurrent.Executors$RunnableAdapter.call(Unknown Source) ~[?:1.8.0_74]
	at java.util.concurrent.FutureTask.run(Unknown Source) ~[?:1.8.0_74]
	at java.util.concurrent.ScheduledThreadPoolExecutor$ScheduledFutureTask.access$201(Unknown Source) ~[?:1.8.0_74]
	at java.util.concurrent.ScheduledThreadPoolExecutor$ScheduledFutureTask.run(Unknown Source) ~[?:1.8.0_74]
	at java.util.concurrent.ThreadPoolExecutor.runWorker(Unknown Source) [?:1.8.0_74]
	at java.util.concurrent.ThreadPoolExecutor$Worker.run(Unknown Source) [?:1.8.0_74]
	at java.lang.Thread.run(Unknown Source) [?:1.8.0_74]
2018-08-09 10:15:14.123 [main] INFO  [org.apache.coyote.http11.Http11NioProtocol:179] maincid - Starting ProtocolHandler [http-nio-8084]
2018-08-09 10:15:14.258 [main] INFO  [org.apache.tomcat.util.net.NioSelectorPool:179] maincid - Using a shared selector for servlet write/read
2018-08-09 10:15:14.307 [main] INFO  [org.springframework.boot.context.embedded.tomcat.TomcatEmbeddedServletContainer:185] maincid - Tomcat started on port(s): 8084 (http)
2018-08-09 10:15:14.308 [main] INFO  [org.springframework.cloud.netflix.eureka.EurekaDiscoveryClientConfiguration:168] maincid - Updating port to 8084
2018-08-09 10:15:14.316 [main] INFO  [com.mooc.house.hsrv.HouseSrvApplication:57] maincid - Started HouseSrvApplication in 62.835 seconds (JVM running for 86.679)
2018-08-09 10:15:18.841 [DiscoveryClient-HeartbeatExecutor-0] ERROR [com.netflix.discovery.shared.transport.decorator.RedirectingEurekaHttpClient:83] DiscoveryClient-HeartbeatExecutor-0cid - Request execution error
com.sun.jersey.api.client.ClientHandlerException: java.net.ConnectException: Connection refused: connect
	at com.sun.jersey.client.apache4.ApacheHttpClient4Handler.handle(ApacheHttpClient4Handler.java:187) ~[jersey-apache-client4-1.19.1.jar:1.19.1]
	at com.sun.jersey.api.client.filter.GZIPContentEncodingFilter.handle(GZIPContentEncodingFilter.java:123) ~[jersey-client-1.19.1.jar:1.19.1]
	at com.netflix.discovery.EurekaIdentityHeaderFilter.handle(EurekaIdentityHeaderFilter.java:27) ~[eureka-client-1.4.10.jar:1.4.10]
	at com.sun.jersey.api.client.Client.handle(Client.java:652) ~[jersey-client-1.19.1.jar:1.19.1]
	at com.sun.jersey.api.client.WebResource.handle(WebResource.java:682) ~[jersey-client-1.19.1.jar:1.19.1]
	at com.sun.jersey.api.client.WebResource.access$200(WebResource.java:74) ~[jersey-client-1.19.1.jar:1.19.1]
	at com.sun.jersey.api.client.WebResource$Builder.put(WebResource.java:529) ~[jersey-client-1.19.1.jar:1.19.1]
	at com.netflix.discovery.shared.transport.jersey.AbstractJerseyEurekaHttpClient.sendHeartBeat(AbstractJerseyEurekaHttpClient.java:102) ~[eureka-client-1.4.10.jar:1.4.10]
	at com.netflix.discovery.shared.transport.decorator.EurekaHttpClientDecorator$3.execute(EurekaHttpClientDecorator.java:92) ~[eureka-client-1.4.10.jar:1.4.10]
	at com.netflix.discovery.shared.transport.decorator.MetricsCollectingEurekaHttpClient.execute(MetricsCollectingEurekaHttpClient.java:73) ~[eureka-client-1.4.10.jar:1.4.10]
	at com.netflix.discovery.shared.transport.decorator.EurekaHttpClientDecorator.sendHeartBeat(EurekaHttpClientDecorator.java:89) ~[eureka-client-1.4.10.jar:1.4.10]
	at com.netflix.discovery.shared.transport.decorator.EurekaHttpClientDecorator$3.execute(EurekaHttpClientDecorator.java:92) ~[eureka-client-1.4.10.jar:1.4.10]
	at com.netflix.discovery.shared.transport.decorator.RedirectingEurekaHttpClient.executeOnNewServer(RedirectingEurekaHttpClient.java:118) ~[eureka-client-1.4.10.jar:1.4.10]
	at com.netflix.discovery.shared.transport.decorator.RedirectingEurekaHttpClient.execute(RedirectingEurekaHttpClient.java:79) ~[eureka-client-1.4.10.jar:1.4.10]
	at com.netflix.discovery.shared.transport.decorator.EurekaHttpClientDecorator.sendHeartBeat(EurekaHttpClientDecorator.java:89) ~[eureka-client-1.4.10.jar:1.4.10]
	at com.netflix.discovery.shared.transport.decorator.EurekaHttpClientDecorator$3.execute(EurekaHttpClientDecorator.java:92) ~[eureka-client-1.4.10.jar:1.4.10]
	at com.netflix.discovery.shared.transport.decorator.RetryableEurekaHttpClient.execute(RetryableEurekaHttpClient.java:119) ~[eureka-client-1.4.10.jar:1.4.10]
	at com.netflix.discovery.shared.transport.decorator.EurekaHttpClientDecorator.sendHeartBeat(EurekaHttpClientDecorator.java:89) ~[eureka-client-1.4.10.jar:1.4.10]
	at com.netflix.discovery.shared.transport.decorator.EurekaHttpClientDecorator$3.execute(EurekaHttpClientDecorator.java:92) ~[eureka-client-1.4.10.jar:1.4.10]
	at com.netflix.discovery.shared.transport.decorator.SessionedEurekaHttpClient.execute(SessionedEurekaHttpClient.java:77) ~[eureka-client-1.4.10.jar:1.4.10]
	at com.netflix.discovery.shared.transport.decorator.EurekaHttpClientDecorator.sendHeartBeat(EurekaHttpClientDecorator.java:89) ~[eureka-client-1.4.10.jar:1.4.10]
	at com.netflix.discovery.DiscoveryClient.renew(DiscoveryClient.java:832) ~[eureka-client-1.4.10.jar:1.4.10]
	at com.netflix.discovery.DiscoveryClient$HeartbeatThread.run(DiscoveryClient.java:1396) ~[eureka-client-1.4.10.jar:1.4.10]
	at java.util.concurrent.Executors$RunnableAdapter.call(Unknown Source) ~[?:1.8.0_74]
	at java.util.concurrent.FutureTask.run(Unknown Source) ~[?:1.8.0_74]
	at java.util.concurrent.ThreadPoolExecutor.runWorker(Unknown Source) [?:1.8.0_74]
	at java.util.concurrent.ThreadPoolExecutor$Worker.run(Unknown Source) [?:1.8.0_74]
	at java.lang.Thread.run(Unknown Source) [?:1.8.0_74]
Caused by: java.net.ConnectException: Connection refused: connect
	at java.net.DualStackPlainSocketImpl.waitForConnect(Native Method) ~[?:1.8.0_74]
	at java.net.DualStackPlainSocketImpl.socketConnect(Unknown Source) ~[?:1.8.0_74]
	at java.net.AbstractPlainSocketImpl.doConnect(Unknown Source) ~[?:1.8.0_74]
	at java.net.AbstractPlainSocketImpl.connectToAddress(Unknown Source) ~[?:1.8.0_74]
	at java.net.AbstractPlainSocketImpl.connect(Unknown Source) ~[?:1.8.0_74]
	at java.net.PlainSocketImpl.connect(Unknown Source) ~[?:1.8.0_74]
	at java.net.SocksSocketImpl.connect(Unknown Source) ~[?:1.8.0_74]
	at java.net.Socket.connect(Unknown Source) ~[?:1.8.0_74]
	at org.apache.http.conn.scheme.PlainSocketFactory.connectSocket(PlainSocketFactory.java:120) ~[httpclient-4.5.2.jar:4.5.2]
	at org.apache.http.impl.conn.DefaultClientConnectionOperator.openConnection(DefaultClientConnectionOperator.java:179) ~[httpclient-4.5.2.jar:4.5.2]
	at org.apache.http.impl.conn.AbstractPoolEntry.open(AbstractPoolEntry.java:144) ~[httpclient-4.5.2.jar:4.5.2]
	at org.apache.http.impl.conn.AbstractPooledConnAdapter.open(AbstractPooledConnAdapter.java:134) ~[httpclient-4.5.2.jar:4.5.2]
	at org.apache.http.impl.client.DefaultRequestDirector.tryConnect(DefaultRequestDirector.java:612) ~[httpclient-4.5.2.jar:4.5.2]
	at org.apache.http.impl.client.DefaultRequestDirector.execute(DefaultRequestDirector.java:447) ~[httpclient-4.5.2.jar:4.5.2]
	at org.apache.http.impl.client.AbstractHttpClient.doExecute(AbstractHttpClient.java:884) ~[httpclient-4.5.2.jar:4.5.2]
	at org.apache.http.impl.client.CloseableHttpClient.execute(CloseableHttpClient.java:117) ~[httpclient-4.5.2.jar:4.5.2]
	at org.apache.http.impl.client.CloseableHttpClient.execute(CloseableHttpClient.java:55) ~[httpclient-4.5.2.jar:4.5.2]
	at com.sun.jersey.client.apache4.ApacheHttpClient4Handler.handle(ApacheHttpClient4Handler.java:173) ~[jersey-apache-client4-1.19.1.jar:1.19.1]
	... 27 more
2018-08-09 10:15:18.841 [DiscoveryClient-HeartbeatExecutor-0] WARN  [com.netflix.discovery.shared.transport.decorator.RetryableEurekaHttpClient:129] DiscoveryClient-HeartbeatExecutor-0cid - Request execution failure
2018-08-09 10:15:18.841 [DiscoveryClient-HeartbeatExecutor-0] ERROR [com.netflix.discovery.DiscoveryClient:841] DiscoveryClient-HeartbeatExecutor-0cid - DiscoveryClient_HOUSE/LAPTOP-ERVHANDT:house:8084 - was unable to send heartbeat!
com.netflix.discovery.shared.transport.TransportException: Cannot execute request on any known server
	at com.netflix.discovery.shared.transport.decorator.RetryableEurekaHttpClient.execute(RetryableEurekaHttpClient.java:111) ~[eureka-client-1.4.10.jar:1.4.10]
	at com.netflix.discovery.shared.transport.decorator.EurekaHttpClientDecorator.sendHeartBeat(EurekaHttpClientDecorator.java:89) ~[eureka-client-1.4.10.jar:1.4.10]
	at com.netflix.discovery.shared.transport.decorator.EurekaHttpClientDecorator$3.execute(EurekaHttpClientDecorator.java:92) ~[eureka-client-1.4.10.jar:1.4.10]
	at com.netflix.discovery.shared.transport.decorator.SessionedEurekaHttpClient.execute(SessionedEurekaHttpClient.java:77) ~[eureka-client-1.4.10.jar:1.4.10]
	at com.netflix.discovery.shared.transport.decorator.EurekaHttpClientDecorator.sendHeartBeat(EurekaHttpClientDecorator.java:89) ~[eureka-client-1.4.10.jar:1.4.10]
	at com.netflix.discovery.DiscoveryClient.renew(DiscoveryClient.java:832) ~[eureka-client-1.4.10.jar:1.4.10]
	at com.netflix.discovery.DiscoveryClient$HeartbeatThread.run(DiscoveryClient.java:1396) ~[eureka-client-1.4.10.jar:1.4.10]
	at java.util.concurrent.Executors$RunnableAdapter.call(Unknown Source) ~[?:1.8.0_74]
	at java.util.concurrent.FutureTask.run(Unknown Source) ~[?:1.8.0_74]
	at java.util.concurrent.ThreadPoolExecutor.runWorker(Unknown Source) [?:1.8.0_74]
	at java.util.concurrent.ThreadPoolExecutor$Worker.run(Unknown Source) [?:1.8.0_74]
	at java.lang.Thread.run(Unknown Source) [?:1.8.0_74]
2018-08-09 10:15:24.859 [DiscoveryClient-HeartbeatExecutor-0] ERROR [com.netflix.discovery.shared.transport.decorator.RedirectingEurekaHttpClient:83] DiscoveryClient-HeartbeatExecutor-0cid - Request execution error
com.sun.jersey.api.client.ClientHandlerException: java.net.ConnectException: Connection refused: connect
	at com.sun.jersey.client.apache4.ApacheHttpClient4Handler.handle(ApacheHttpClient4Handler.java:187) ~[jersey-apache-client4-1.19.1.jar:1.19.1]
	at com.sun.jersey.api.client.filter.GZIPContentEncodingFilter.handle(GZIPContentEncodingFilter.java:123) ~[jersey-client-1.19.1.jar:1.19.1]
	at com.netflix.discovery.EurekaIdentityHeaderFilter.handle(EurekaIdentityHeaderFilter.java:27) ~[eureka-client-1.4.10.jar:1.4.10]
	at com.sun.jersey.api.client.Client.handle(Client.java:652) ~[jersey-client-1.19.1.jar:1.19.1]
	at com.sun.jersey.api.client.WebResource.handle(WebResource.java:682) ~[jersey-client-1.19.1.jar:1.19.1]
	at com.sun.jersey.api.client.WebResource.access$200(WebResource.java:74) ~[jersey-client-1.19.1.jar:1.19.1]
	at com.sun.jersey.api.client.WebResource$Builder.put(WebResource.java:529) ~[jersey-client-1.19.1.jar:1.19.1]
	at com.netflix.discovery.shared.transport.jersey.AbstractJerseyEurekaHttpClient.sendHeartBeat(AbstractJerseyEurekaHttpClient.java:102) ~[eureka-client-1.4.10.jar:1.4.10]
	at com.netflix.discovery.shared.transport.decorator.EurekaHttpClientDecorator$3.execute(EurekaHttpClientDecorator.java:92) ~[eureka-client-1.4.10.jar:1.4.10]
	at com.netflix.discovery.shared.transport.decorator.MetricsCollectingEurekaHttpClient.execute(MetricsCollectingEurekaHttpClient.java:73) ~[eureka-client-1.4.10.jar:1.4.10]
	at com.netflix.discovery.shared.transport.decorator.EurekaHttpClientDecorator.sendHeartBeat(EurekaHttpClientDecorator.java:89) ~[eureka-client-1.4.10.jar:1.4.10]
	at com.netflix.discovery.shared.transport.decorator.EurekaHttpClientDecorator$3.execute(EurekaHttpClientDecorator.java:92) ~[eureka-client-1.4.10.jar:1.4.10]
	at com.netflix.discovery.shared.transport.decorator.RedirectingEurekaHttpClient.executeOnNewServer(RedirectingEurekaHttpClient.java:118) ~[eureka-client-1.4.10.jar:1.4.10]
	at com.netflix.discovery.shared.transport.decorator.RedirectingEurekaHttpClient.execute(RedirectingEurekaHttpClient.java:79) ~[eureka-client-1.4.10.jar:1.4.10]
	at com.netflix.discovery.shared.transport.decorator.EurekaHttpClientDecorator.sendHeartBeat(EurekaHttpClientDecorator.java:89) ~[eureka-client-1.4.10.jar:1.4.10]
	at com.netflix.discovery.shared.transport.decorator.EurekaHttpClientDecorator$3.execute(EurekaHttpClientDecorator.java:92) ~[eureka-client-1.4.10.jar:1.4.10]
	at com.netflix.discovery.shared.transport.decorator.RetryableEurekaHttpClient.execute(RetryableEurekaHttpClient.java:119) ~[eureka-client-1.4.10.jar:1.4.10]
	at com.netflix.discovery.shared.transport.decorator.EurekaHttpClientDecorator.sendHeartBeat(EurekaHttpClientDecorator.java:89) ~[eureka-client-1.4.10.jar:1.4.10]
	at com.netflix.discovery.shared.transport.decorator.EurekaHttpClientDecorator$3.execute(EurekaHttpClientDecorator.java:92) ~[eureka-client-1.4.10.jar:1.4.10]
	at com.netflix.discovery.shared.transport.decorator.SessionedEurekaHttpClient.execute(SessionedEurekaHttpClient.java:77) ~[eureka-client-1.4.10.jar:1.4.10]
	at com.netflix.discovery.shared.transport.decorator.EurekaHttpClientDecorator.sendHeartBeat(EurekaHttpClientDecorator.java:89) ~[eureka-client-1.4.10.jar:1.4.10]
	at com.netflix.discovery.DiscoveryClient.renew(DiscoveryClient.java:832) ~[eureka-client-1.4.10.jar:1.4.10]
	at com.netflix.discovery.DiscoveryClient$HeartbeatThread.run(DiscoveryClient.java:1396) ~[eureka-client-1.4.10.jar:1.4.10]
	at java.util.concurrent.Executors$RunnableAdapter.call(Unknown Source) ~[?:1.8.0_74]
	at java.util.concurrent.FutureTask.run(Unknown Source) ~[?:1.8.0_74]
	at java.util.concurrent.ThreadPoolExecutor.runWorker(Unknown Source) [?:1.8.0_74]
	at java.util.concurrent.ThreadPoolExecutor$Worker.run(Unknown Source) [?:1.8.0_74]
	at java.lang.Thread.run(Unknown Source) [?:1.8.0_74]
Caused by: java.net.ConnectException: Connection refused: connect
	at java.net.DualStackPlainSocketImpl.waitForConnect(Native Method) ~[?:1.8.0_74]
	at java.net.DualStackPlainSocketImpl.socketConnect(Unknown Source) ~[?:1.8.0_74]
	at java.net.AbstractPlainSocketImpl.doConnect(Unknown Source) ~[?:1.8.0_74]
	at java.net.AbstractPlainSocketImpl.connectToAddress(Unknown Source) ~[?:1.8.0_74]
	at java.net.AbstractPlainSocketImpl.connect(Unknown Source) ~[?:1.8.0_74]
	at java.net.PlainSocketImpl.connect(Unknown Source) ~[?:1.8.0_74]
	at java.net.SocksSocketImpl.connect(Unknown Source) ~[?:1.8.0_74]
	at java.net.Socket.connect(Unknown Source) ~[?:1.8.0_74]
	at org.apache.http.conn.scheme.PlainSocketFactory.connectSocket(PlainSocketFactory.java:120) ~[httpclient-4.5.2.jar:4.5.2]
	at org.apache.http.impl.conn.DefaultClientConnectionOperator.openConnection(DefaultClientConnectionOperator.java:179) ~[httpclient-4.5.2.jar:4.5.2]
	at org.apache.http.impl.conn.AbstractPoolEntry.open(AbstractPoolEntry.java:144) ~[httpclient-4.5.2.jar:4.5.2]
	at org.apache.http.impl.conn.AbstractPooledConnAdapter.open(AbstractPooledConnAdapter.java:134) ~[httpclient-4.5.2.jar:4.5.2]
	at org.apache.http.impl.client.DefaultRequestDirector.tryConnect(DefaultRequestDirector.java:612) ~[httpclient-4.5.2.jar:4.5.2]
	at org.apache.http.impl.client.DefaultRequestDirector.execute(DefaultRequestDirector.java:447) ~[httpclient-4.5.2.jar:4.5.2]
	at org.apache.http.impl.client.AbstractHttpClient.doExecute(AbstractHttpClient.java:884) ~[httpclient-4.5.2.jar:4.5.2]
	at org.apache.http.impl.client.CloseableHttpClient.execute(CloseableHttpClient.java:117) ~[httpclient-4.5.2.jar:4.5.2]
	at org.apache.http.impl.client.CloseableHttpClient.execute(CloseableHttpClient.java:55) ~[httpclient-4.5.2.jar:4.5.2]
	at com.sun.jersey.client.apache4.ApacheHttpClient4Handler.handle(ApacheHttpClient4Handler.java:173) ~[jersey-apache-client4-1.19.1.jar:1.19.1]
	... 27 more
2018-08-09 10:15:24.859 [DiscoveryClient-HeartbeatExecutor-0] WARN  [com.netflix.discovery.shared.transport.decorator.RetryableEurekaHttpClient:129] DiscoveryClient-HeartbeatExecutor-0cid - Request execution failure
2018-08-09 10:15:24.860 [DiscoveryClient-HeartbeatExecutor-0] ERROR [com.netflix.discovery.DiscoveryClient:841] DiscoveryClient-HeartbeatExecutor-0cid - DiscoveryClient_HOUSE/LAPTOP-ERVHANDT:house:8084 - was unable to send heartbeat!
com.netflix.discovery.shared.transport.TransportException: Cannot execute request on any known server
	at com.netflix.discovery.shared.transport.decorator.RetryableEurekaHttpClient.execute(RetryableEurekaHttpClient.java:111) ~[eureka-client-1.4.10.jar:1.4.10]
	at com.netflix.discovery.shared.transport.decorator.EurekaHttpClientDecorator.sendHeartBeat(EurekaHttpClientDecorator.java:89) ~[eureka-client-1.4.10.jar:1.4.10]
	at com.netflix.discovery.shared.transport.decorator.EurekaHttpClientDecorator$3.execute(EurekaHttpClientDecorator.java:92) ~[eureka-client-1.4.10.jar:1.4.10]
	at com.netflix.discovery.shared.transport.decorator.SessionedEurekaHttpClient.execute(SessionedEurekaHttpClient.java:77) ~[eureka-client-1.4.10.jar:1.4.10]
	at com.netflix.discovery.shared.transport.decorator.EurekaHttpClientDecorator.sendHeartBeat(EurekaHttpClientDecorator.java:89) ~[eureka-client-1.4.10.jar:1.4.10]
	at com.netflix.discovery.DiscoveryClient.renew(DiscoveryClient.java:832) ~[eureka-client-1.4.10.jar:1.4.10]
	at com.netflix.discovery.DiscoveryClient$HeartbeatThread.run(DiscoveryClient.java:1396) ~[eureka-client-1.4.10.jar:1.4.10]
	at java.util.concurrent.Executors$RunnableAdapter.call(Unknown Source) ~[?:1.8.0_74]
	at java.util.concurrent.FutureTask.run(Unknown Source) ~[?:1.8.0_74]
	at java.util.concurrent.ThreadPoolExecutor.runWorker(Unknown Source) [?:1.8.0_74]
	at java.util.concurrent.ThreadPoolExecutor$Worker.run(Unknown Source) [?:1.8.0_74]
	at java.lang.Thread.run(Unknown Source) [?:1.8.0_74]
2018-08-09 10:15:30.865 [DiscoveryClient-HeartbeatExecutor-0] ERROR [com.netflix.discovery.shared.transport.decorator.RedirectingEurekaHttpClient:83] DiscoveryClient-HeartbeatExecutor-0cid - Request execution error
com.sun.jersey.api.client.ClientHandlerException: java.net.ConnectException: Connection refused: connect
	at com.sun.jersey.client.apache4.ApacheHttpClient4Handler.handle(ApacheHttpClient4Handler.java:187) ~[jersey-apache-client4-1.19.1.jar:1.19.1]
	at com.sun.jersey.api.client.filter.GZIPContentEncodingFilter.handle(GZIPContentEncodingFilter.java:123) ~[jersey-client-1.19.1.jar:1.19.1]
	at com.netflix.discovery.EurekaIdentityHeaderFilter.handle(EurekaIdentityHeaderFilter.java:27) ~[eureka-client-1.4.10.jar:1.4.10]
	at com.sun.jersey.api.client.Client.handle(Client.java:652) ~[jersey-client-1.19.1.jar:1.19.1]
	at com.sun.jersey.api.client.WebResource.handle(WebResource.java:682) ~[jersey-client-1.19.1.jar:1.19.1]
	at com.sun.jersey.api.client.WebResource.access$200(WebResource.java:74) ~[jersey-client-1.19.1.jar:1.19.1]
	at com.sun.jersey.api.client.WebResource$Builder.put(WebResource.java:529) ~[jersey-client-1.19.1.jar:1.19.1]
	at com.netflix.discovery.shared.transport.jersey.AbstractJerseyEurekaHttpClient.sendHeartBeat(AbstractJerseyEurekaHttpClient.java:102) ~[eureka-client-1.4.10.jar:1.4.10]
	at com.netflix.discovery.shared.transport.decorator.EurekaHttpClientDecorator$3.execute(EurekaHttpClientDecorator.java:92) ~[eureka-client-1.4.10.jar:1.4.10]
	at com.netflix.discovery.shared.transport.decorator.MetricsCollectingEurekaHttpClient.execute(MetricsCollectingEurekaHttpClient.java:73) ~[eureka-client-1.4.10.jar:1.4.10]
	at com.netflix.discovery.shared.transport.decorator.EurekaHttpClientDecorator.sendHeartBeat(EurekaHttpClientDecorator.java:89) ~[eureka-client-1.4.10.jar:1.4.10]
	at com.netflix.discovery.shared.transport.decorator.EurekaHttpClientDecorator$3.execute(EurekaHttpClientDecorator.java:92) ~[eureka-client-1.4.10.jar:1.4.10]
	at com.netflix.discovery.shared.transport.decorator.RedirectingEurekaHttpClient.executeOnNewServer(RedirectingEurekaHttpClient.java:118) ~[eureka-client-1.4.10.jar:1.4.10]
	at com.netflix.discovery.shared.transport.decorator.RedirectingEurekaHttpClient.execute(RedirectingEurekaHttpClient.java:79) ~[eureka-client-1.4.10.jar:1.4.10]
	at com.netflix.discovery.shared.transport.decorator.EurekaHttpClientDecorator.sendHeartBeat(EurekaHttpClientDecorator.java:89) ~[eureka-client-1.4.10.jar:1.4.10]
	at com.netflix.discovery.shared.transport.decorator.EurekaHttpClientDecorator$3.execute(EurekaHttpClientDecorator.java:92) ~[eureka-client-1.4.10.jar:1.4.10]
	at com.netflix.discovery.shared.transport.decorator.RetryableEurekaHttpClient.execute(RetryableEurekaHttpClient.java:119) ~[eureka-client-1.4.10.jar:1.4.10]
	at com.netflix.discovery.shared.transport.decorator.EurekaHttpClientDecorator.sendHeartBeat(EurekaHttpClientDecorator.java:89) ~[eureka-client-1.4.10.jar:1.4.10]
	at com.netflix.discovery.shared.transport.decorator.EurekaHttpClientDecorator$3.execute(EurekaHttpClientDecorator.java:92) ~[eureka-client-1.4.10.jar:1.4.10]
	at com.netflix.discovery.shared.transport.decorator.SessionedEurekaHttpClient.execute(SessionedEurekaHttpClient.java:77) ~[eureka-client-1.4.10.jar:1.4.10]
	at com.netflix.discovery.shared.transport.decorator.EurekaHttpClientDecorator.sendHeartBeat(EurekaHttpClientDecorator.java:89) ~[eureka-client-1.4.10.jar:1.4.10]
	at com.netflix.discovery.DiscoveryClient.renew(DiscoveryClient.java:832) ~[eureka-client-1.4.10.jar:1.4.10]
	at com.netflix.discovery.DiscoveryClient$HeartbeatThread.run(DiscoveryClient.java:1396) ~[eureka-client-1.4.10.jar:1.4.10]
	at java.util.concurrent.Executors$RunnableAdapter.call(Unknown Source) ~[?:1.8.0_74]
	at java.util.concurrent.FutureTask.run(Unknown Source) ~[?:1.8.0_74]
	at java.util.concurrent.ThreadPoolExecutor.runWorker(Unknown Source) [?:1.8.0_74]
	at java.util.concurrent.ThreadPoolExecutor$Worker.run(Unknown Source) [?:1.8.0_74]
	at java.lang.Thread.run(Unknown Source) [?:1.8.0_74]
Caused by: java.net.ConnectException: Connection refused: connect
	at java.net.DualStackPlainSocketImpl.waitForConnect(Native Method) ~[?:1.8.0_74]
	at java.net.DualStackPlainSocketImpl.socketConnect(Unknown Source) ~[?:1.8.0_74]
	at java.net.AbstractPlainSocketImpl.doConnect(Unknown Source) ~[?:1.8.0_74]
	at java.net.AbstractPlainSocketImpl.connectToAddress(Unknown Source) ~[?:1.8.0_74]
	at java.net.AbstractPlainSocketImpl.connect(Unknown Source) ~[?:1.8.0_74]
	at java.net.PlainSocketImpl.connect(Unknown Source) ~[?:1.8.0_74]
	at java.net.SocksSocketImpl.connect(Unknown Source) ~[?:1.8.0_74]
	at java.net.Socket.connect(Unknown Source) ~[?:1.8.0_74]
	at org.apache.http.conn.scheme.PlainSocketFactory.connectSocket(PlainSocketFactory.java:120) ~[httpclient-4.5.2.jar:4.5.2]
	at org.apache.http.impl.conn.DefaultClientConnectionOperator.openConnection(DefaultClientConnectionOperator.java:179) ~[httpclient-4.5.2.jar:4.5.2]
	at org.apache.http.impl.conn.AbstractPoolEntry.open(AbstractPoolEntry.java:144) ~[httpclient-4.5.2.jar:4.5.2]
	at org.apache.http.impl.conn.AbstractPooledConnAdapter.open(AbstractPooledConnAdapter.java:134) ~[httpclient-4.5.2.jar:4.5.2]
	at org.apache.http.impl.client.DefaultRequestDirector.tryConnect(DefaultRequestDirector.java:612) ~[httpclient-4.5.2.jar:4.5.2]
	at org.apache.http.impl.client.DefaultRequestDirector.execute(DefaultRequestDirector.java:447) ~[httpclient-4.5.2.jar:4.5.2]
	at org.apache.http.impl.client.AbstractHttpClient.doExecute(AbstractHttpClient.java:884) ~[httpclient-4.5.2.jar:4.5.2]
	at org.apache.http.impl.client.CloseableHttpClient.execute(CloseableHttpClient.java:117) ~[httpclient-4.5.2.jar:4.5.2]
	at org.apache.http.impl.client.CloseableHttpClient.execute(CloseableHttpClient.java:55) ~[httpclient-4.5.2.jar:4.5.2]
	at com.sun.jersey.client.apache4.ApacheHttpClient4Handler.handle(ApacheHttpClient4Handler.java:173) ~[jersey-apache-client4-1.19.1.jar:1.19.1]
	... 27 more
2018-08-09 10:15:30.865 [DiscoveryClient-HeartbeatExecutor-0] WARN  [com.netflix.discovery.shared.transport.decorator.RetryableEurekaHttpClient:129] DiscoveryClient-HeartbeatExecutor-0cid - Request execution failure
2018-08-09 10:15:30.865 [DiscoveryClient-HeartbeatExecutor-0] ERROR [com.netflix.discovery.DiscoveryClient:841] DiscoveryClient-HeartbeatExecutor-0cid - DiscoveryClient_HOUSE/LAPTOP-ERVHANDT:house:8084 - was unable to send heartbeat!
com.netflix.discovery.shared.transport.TransportException: Cannot execute request on any known server
	at com.netflix.discovery.shared.transport.decorator.RetryableEurekaHttpClient.execute(RetryableEurekaHttpClient.java:111) ~[eureka-client-1.4.10.jar:1.4.10]
	at com.netflix.discovery.shared.transport.decorator.EurekaHttpClientDecorator.sendHeartBeat(EurekaHttpClientDecorator.java:89) ~[eureka-client-1.4.10.jar:1.4.10]
	at com.netflix.discovery.shared.transport.decorator.EurekaHttpClientDecorator$3.execute(EurekaHttpClientDecorator.java:92) ~[eureka-client-1.4.10.jar:1.4.10]
	at com.netflix.discovery.shared.transport.decorator.SessionedEurekaHttpClient.execute(SessionedEurekaHttpClient.java:77) ~[eureka-client-1.4.10.jar:1.4.10]
	at com.netflix.discovery.shared.transport.decorator.EurekaHttpClientDecorator.sendHeartBeat(EurekaHttpClientDecorator.java:89) ~[eureka-client-1.4.10.jar:1.4.10]
	at com.netflix.discovery.DiscoveryClient.renew(DiscoveryClient.java:832) ~[eureka-client-1.4.10.jar:1.4.10]
	at com.netflix.discovery.DiscoveryClient$HeartbeatThread.run(DiscoveryClient.java:1396) ~[eureka-client-1.4.10.jar:1.4.10]
	at java.util.concurrent.Executors$RunnableAdapter.call(Unknown Source) ~[?:1.8.0_74]
	at java.util.concurrent.FutureTask.run(Unknown Source) ~[?:1.8.0_74]
	at java.util.concurrent.ThreadPoolExecutor.runWorker(Unknown Source) [?:1.8.0_74]
	at java.util.concurrent.ThreadPoolExecutor$Worker.run(Unknown Source) [?:1.8.0_74]
	at java.lang.Thread.run(Unknown Source) [?:1.8.0_74]
